[0.021s] Invoking command in '/home/madiyar/turtlebot3_ws/build/turtlebot3_bringup': CMAKE_PREFIX_PATH=/home/madiyar/turtlebot3_ws/install/turtlebot3_node:/home/madiyar/turtlebot3_ws/install/turtlebot3_msgs:/home/madiyar/turtlebot3_ws/install/turtlebot3_description:/home/madiyar/turtlebot3_ws/install/dynamixel_sdk:/home/madiyar/turtlebot3_ws/install/turtlebot3_navigation2:/home/madiyar/turtlebot3_ws/install/turtlebot3_cartographer:/home/madiyar/turtlebot3_ws/install/dynamixel_sdk_custom_interfaces:/home/madiyar/turtlebot3_ws/install/turtlebot3_teleop:/home/madiyar/turtlebot3_ws/install/turtlebot3_nodes:/home/madiyar/turtlebot3_ws/install/turtlebot3_example:/opt/ros/humble LD_LIBRARY_PATH=/home/madiyar/turtlebot3_ws/install/turtlebot3_msgs/lib:/home/madiyar/turtlebot3_ws/install/dynamixel_sdk/lib:/home/madiyar/turtlebot3_ws/install/dynamixel_sdk_custom_interfaces/lib:/usr/lib/x86_64-linux-gnu/gazebo-11/plugins:/opt/ros/humble/opt/rviz_ogre_vendor/lib:/opt/ros/humble/lib/x86_64-linux-gnu:/opt/ros/humble/lib:/usr/lib/x86_64-linux-gnu/gazebo-11/plugins /usr/bin/cmake /home/madiyar/turtlebot3_ws/src/turtlebot3/turtlebot3_bringup -DAMENT_CMAKE_SYMLINK_INSTALL=1 -DCMAKE_INSTALL_PREFIX=/home/madiyar/turtlebot3_ws/install/turtlebot3_bringup
[0.107s] -- The C compiler identification is GNU 11.4.0
[0.204s] -- The CXX compiler identification is GNU 11.4.0
[0.216s] -- Detecting C compiler ABI info
[0.324s] -- Detecting C compiler ABI info - done
[0.334s] -- Check for working C compiler: /usr/bin/cc - skipped
[0.334s] -- Detecting C compile features
[0.334s] -- Detecting C compile features - done
[0.340s] -- Detecting CXX compiler ABI info
[0.480s] -- Detecting CXX compiler ABI info - done
[0.490s] -- Check for working CXX compiler: /usr/bin/c++ - skipped
[0.490s] -- Detecting CXX compile features
[0.491s] -- Detecting CXX compile features - done
[0.497s] -- Found ament_cmake: 1.3.11 (/opt/ros/humble/share/ament_cmake/cmake)
[0.766s] -- Found Python3: /usr/bin/python3 (found version "3.10.12") found components: Interpreter 
[0.873s] -- Override CMake install command with custom implementation using symlinks instead of copying resources
[1.041s] -- Configuring done
[1.045s] -- Generating done
[1.047s] -- Build files have been written to: /home/madiyar/turtlebot3_ws/build/turtlebot3_bringup
[1.053s] Invoked command in '/home/madiyar/turtlebot3_ws/build/turtlebot3_bringup' returned '0': CMAKE_PREFIX_PATH=/home/madiyar/turtlebot3_ws/install/turtlebot3_node:/home/madiyar/turtlebot3_ws/install/turtlebot3_msgs:/home/madiyar/turtlebot3_ws/install/turtlebot3_description:/home/madiyar/turtlebot3_ws/install/dynamixel_sdk:/home/madiyar/turtlebot3_ws/install/turtlebot3_navigation2:/home/madiyar/turtlebot3_ws/install/turtlebot3_cartographer:/home/madiyar/turtlebot3_ws/install/dynamixel_sdk_custom_interfaces:/home/madiyar/turtlebot3_ws/install/turtlebot3_teleop:/home/madiyar/turtlebot3_ws/install/turtlebot3_nodes:/home/madiyar/turtlebot3_ws/install/turtlebot3_example:/opt/ros/humble LD_LIBRARY_PATH=/home/madiyar/turtlebot3_ws/install/turtlebot3_msgs/lib:/home/madiyar/turtlebot3_ws/install/dynamixel_sdk/lib:/home/madiyar/turtlebot3_ws/install/dynamixel_sdk_custom_interfaces/lib:/usr/lib/x86_64-linux-gnu/gazebo-11/plugins:/opt/ros/humble/opt/rviz_ogre_vendor/lib:/opt/ros/humble/lib/x86_64-linux-gnu:/opt/ros/humble/lib:/usr/lib/x86_64-linux-gnu/gazebo-11/plugins /usr/bin/cmake /home/madiyar/turtlebot3_ws/src/turtlebot3/turtlebot3_bringup -DAMENT_CMAKE_SYMLINK_INSTALL=1 -DCMAKE_INSTALL_PREFIX=/home/madiyar/turtlebot3_ws/install/turtlebot3_bringup
[1.056s] Invoking command in '/home/madiyar/turtlebot3_ws/build/turtlebot3_bringup': CMAKE_PREFIX_PATH=/home/madiyar/turtlebot3_ws/install/turtlebot3_node:/home/madiyar/turtlebot3_ws/install/turtlebot3_msgs:/home/madiyar/turtlebot3_ws/install/turtlebot3_description:/home/madiyar/turtlebot3_ws/install/dynamixel_sdk:/home/madiyar/turtlebot3_ws/install/turtlebot3_navigation2:/home/madiyar/turtlebot3_ws/install/turtlebot3_cartographer:/home/madiyar/turtlebot3_ws/install/dynamixel_sdk_custom_interfaces:/home/madiyar/turtlebot3_ws/install/turtlebot3_teleop:/home/madiyar/turtlebot3_ws/install/turtlebot3_nodes:/home/madiyar/turtlebot3_ws/install/turtlebot3_example:/opt/ros/humble LD_LIBRARY_PATH=/home/madiyar/turtlebot3_ws/install/turtlebot3_msgs/lib:/home/madiyar/turtlebot3_ws/install/dynamixel_sdk/lib:/home/madiyar/turtlebot3_ws/install/dynamixel_sdk_custom_interfaces/lib:/usr/lib/x86_64-linux-gnu/gazebo-11/plugins:/opt/ros/humble/opt/rviz_ogre_vendor/lib:/opt/ros/humble/lib/x86_64-linux-gnu:/opt/ros/humble/lib:/usr/lib/x86_64-linux-gnu/gazebo-11/plugins /usr/bin/cmake --build /home/madiyar/turtlebot3_ws/build/turtlebot3_bringup -- -j12 -l12
[1.117s] Invoked command in '/home/madiyar/turtlebot3_ws/build/turtlebot3_bringup' returned '0': CMAKE_PREFIX_PATH=/home/madiyar/turtlebot3_ws/install/turtlebot3_node:/home/madiyar/turtlebot3_ws/install/turtlebot3_msgs:/home/madiyar/turtlebot3_ws/install/turtlebot3_description:/home/madiyar/turtlebot3_ws/install/dynamixel_sdk:/home/madiyar/turtlebot3_ws/install/turtlebot3_navigation2:/home/madiyar/turtlebot3_ws/install/turtlebot3_cartographer:/home/madiyar/turtlebot3_ws/install/dynamixel_sdk_custom_interfaces:/home/madiyar/turtlebot3_ws/install/turtlebot3_teleop:/home/madiyar/turtlebot3_ws/install/turtlebot3_nodes:/home/madiyar/turtlebot3_ws/install/turtlebot3_example:/opt/ros/humble LD_LIBRARY_PATH=/home/madiyar/turtlebot3_ws/install/turtlebot3_msgs/lib:/home/madiyar/turtlebot3_ws/install/dynamixel_sdk/lib:/home/madiyar/turtlebot3_ws/install/dynamixel_sdk_custom_interfaces/lib:/usr/lib/x86_64-linux-gnu/gazebo-11/plugins:/opt/ros/humble/opt/rviz_ogre_vendor/lib:/opt/ros/humble/lib/x86_64-linux-gnu:/opt/ros/humble/lib:/usr/lib/x86_64-linux-gnu/gazebo-11/plugins /usr/bin/cmake --build /home/madiyar/turtlebot3_ws/build/turtlebot3_bringup -- -j12 -l12
[1.119s] Invoking command in '/home/madiyar/turtlebot3_ws/build/turtlebot3_bringup': CMAKE_PREFIX_PATH=/home/madiyar/turtlebot3_ws/install/turtlebot3_node:/home/madiyar/turtlebot3_ws/install/turtlebot3_msgs:/home/madiyar/turtlebot3_ws/install/turtlebot3_description:/home/madiyar/turtlebot3_ws/install/dynamixel_sdk:/home/madiyar/turtlebot3_ws/install/turtlebot3_navigation2:/home/madiyar/turtlebot3_ws/install/turtlebot3_cartographer:/home/madiyar/turtlebot3_ws/install/dynamixel_sdk_custom_interfaces:/home/madiyar/turtlebot3_ws/install/turtlebot3_teleop:/home/madiyar/turtlebot3_ws/install/turtlebot3_nodes:/home/madiyar/turtlebot3_ws/install/turtlebot3_example:/opt/ros/humble LD_LIBRARY_PATH=/home/madiyar/turtlebot3_ws/install/turtlebot3_msgs/lib:/home/madiyar/turtlebot3_ws/install/dynamixel_sdk/lib:/home/madiyar/turtlebot3_ws/install/dynamixel_sdk_custom_interfaces/lib:/usr/lib/x86_64-linux-gnu/gazebo-11/plugins:/opt/ros/humble/opt/rviz_ogre_vendor/lib:/opt/ros/humble/lib/x86_64-linux-gnu:/opt/ros/humble/lib:/usr/lib/x86_64-linux-gnu/gazebo-11/plugins /usr/bin/cmake --install /home/madiyar/turtlebot3_ws/build/turtlebot3_bringup
[1.129s] -- Install configuration: ""
[1.130s] -- Execute custom install script
[1.131s] -- Symlinking: /home/madiyar/turtlebot3_ws/install/turtlebot3_bringup/share/turtlebot3_bringup/launch/robot.launch.py
[1.145s] -- Symlinking: /home/madiyar/turtlebot3_ws/install/turtlebot3_bringup/share/turtlebot3_bringup/launch/rviz2.launch.py
[1.159s] -- Symlinking: /home/madiyar/turtlebot3_ws/install/turtlebot3_bringup/share/turtlebot3_bringup/launch/turtlebot3_state_publisher.launch.py
[1.174s] -- Symlinking: /home/madiyar/turtlebot3_ws/install/turtlebot3_bringup/share/turtlebot3_bringup/param/burger.yaml
[1.189s] -- Symlinking: /home/madiyar/turtlebot3_ws/install/turtlebot3_bringup/share/turtlebot3_bringup/param/humble/burger.yaml
[1.203s] -- Symlinking: /home/madiyar/turtlebot3_ws/install/turtlebot3_bringup/share/turtlebot3_bringup/param/humble/waffle.yaml
[1.217s] -- Symlinking: /home/madiyar/turtlebot3_ws/install/turtlebot3_bringup/share/turtlebot3_bringup/param/humble/waffle_pi.yaml
[1.231s] -- Symlinking: /home/madiyar/turtlebot3_ws/install/turtlebot3_bringup/share/turtlebot3_bringup/param/waffle.yaml
[1.246s] -- Symlinking: /home/madiyar/turtlebot3_ws/install/turtlebot3_bringup/share/turtlebot3_bringup/param/waffle_pi.yaml
[1.262s] -- Symlinking: /home/madiyar/turtlebot3_ws/install/turtlebot3_bringup/share/turtlebot3_bringup/script/99-turtlebot3-cdc.rules
[1.277s] -- Symlinking: /home/madiyar/turtlebot3_ws/install/turtlebot3_bringup/share/turtlebot3_bringup/script/create_udev_rules
[1.292s] -- Symlinking: /home/madiyar/turtlebot3_ws/install/turtlebot3_bringup/share/ament_index/resource_index/package_run_dependencies/turtlebot3_bringup
[1.307s] -- Symlinking: /home/madiyar/turtlebot3_ws/install/turtlebot3_bringup/share/ament_index/resource_index/parent_prefix_path/turtlebot3_bringup
[1.321s] -- Symlinking: /home/madiyar/turtlebot3_ws/install/turtlebot3_bringup/share/turtlebot3_bringup/environment/ament_prefix_path.sh
[1.336s] -- Symlinking: /home/madiyar/turtlebot3_ws/install/turtlebot3_bringup/share/turtlebot3_bringup/environment/ament_prefix_path.dsv
[1.350s] -- Symlinking: /home/madiyar/turtlebot3_ws/install/turtlebot3_bringup/share/turtlebot3_bringup/environment/path.sh
[1.364s] -- Symlinking: /home/madiyar/turtlebot3_ws/install/turtlebot3_bringup/share/turtlebot3_bringup/environment/path.dsv
[1.378s] -- Symlinking: /home/madiyar/turtlebot3_ws/install/turtlebot3_bringup/share/turtlebot3_bringup/local_setup.bash
[1.393s] -- Symlinking: /home/madiyar/turtlebot3_ws/install/turtlebot3_bringup/share/turtlebot3_bringup/local_setup.sh
[1.408s] -- Symlinking: /home/madiyar/turtlebot3_ws/install/turtlebot3_bringup/share/turtlebot3_bringup/local_setup.zsh
[1.423s] -- Symlinking: /home/madiyar/turtlebot3_ws/install/turtlebot3_bringup/share/turtlebot3_bringup/local_setup.dsv
[1.437s] -- Symlinking: /home/madiyar/turtlebot3_ws/install/turtlebot3_bringup/share/turtlebot3_bringup/package.dsv
[1.451s] -- Symlinking: /home/madiyar/turtlebot3_ws/install/turtlebot3_bringup/share/ament_index/resource_index/packages/turtlebot3_bringup
[1.466s] -- Symlinking: /home/madiyar/turtlebot3_ws/install/turtlebot3_bringup/share/turtlebot3_bringup/cmake/turtlebot3_bringupConfig.cmake
[1.479s] -- Symlinking: /home/madiyar/turtlebot3_ws/install/turtlebot3_bringup/share/turtlebot3_bringup/cmake/turtlebot3_bringupConfig-version.cmake
[1.494s] -- Symlinking: /home/madiyar/turtlebot3_ws/install/turtlebot3_bringup/share/turtlebot3_bringup/package.xml
[1.512s] Invoked command in '/home/madiyar/turtlebot3_ws/build/turtlebot3_bringup' returned '0': CMAKE_PREFIX_PATH=/home/madiyar/turtlebot3_ws/install/turtlebot3_node:/home/madiyar/turtlebot3_ws/install/turtlebot3_msgs:/home/madiyar/turtlebot3_ws/install/turtlebot3_description:/home/madiyar/turtlebot3_ws/install/dynamixel_sdk:/home/madiyar/turtlebot3_ws/install/turtlebot3_navigation2:/home/madiyar/turtlebot3_ws/install/turtlebot3_cartographer:/home/madiyar/turtlebot3_ws/install/dynamixel_sdk_custom_interfaces:/home/madiyar/turtlebot3_ws/install/turtlebot3_teleop:/home/madiyar/turtlebot3_ws/install/turtlebot3_nodes:/home/madiyar/turtlebot3_ws/install/turtlebot3_example:/opt/ros/humble LD_LIBRARY_PATH=/home/madiyar/turtlebot3_ws/install/turtlebot3_msgs/lib:/home/madiyar/turtlebot3_ws/install/dynamixel_sdk/lib:/home/madiyar/turtlebot3_ws/install/dynamixel_sdk_custom_interfaces/lib:/usr/lib/x86_64-linux-gnu/gazebo-11/plugins:/opt/ros/humble/opt/rviz_ogre_vendor/lib:/opt/ros/humble/lib/x86_64-linux-gnu:/opt/ros/humble/lib:/usr/lib/x86_64-linux-gnu/gazebo-11/plugins /usr/bin/cmake --install /home/madiyar/turtlebot3_ws/build/turtlebot3_bringup
