[0.022s] Invoking command in '/home/madiyar/turtlebot3_ws/build/dynamixel_sdk': CMAKE_PREFIX_PATH=${CMAKE_PREFIX_PATH}:/home/madiyar/turtlebot3_ws/install/turtlebot3_nodes:/opt/ros/humble /usr/bin/cmake --build /home/madiyar/turtlebot3_ws/build/dynamixel_sdk -- -j12 -l12
[0.135s] [35m[1mConsolidate compiler generated dependencies of target dynamixel_sdk[0m
[0.164s] [  0%] Built target ament_cmake_python_symlink_dynamixel_sdk
[0.172s] [100%] Built target dynamixel_sdk
[0.545s] running egg_info
[0.546s] writing dynamixel_sdk.egg-info/PKG-INFO
[0.546s] writing dependency_links to dynamixel_sdk.egg-info/dependency_links.txt
[0.547s] writing top-level names to dynamixel_sdk.egg-info/top_level.txt
[0.551s] reading manifest file 'dynamixel_sdk.egg-info/SOURCES.txt'
[0.552s] writing manifest file 'dynamixel_sdk.egg-info/SOURCES.txt'
[0.614s] [100%] Built target ament_cmake_python_build_dynamixel_sdk_egg
[0.637s] Invoked command in '/home/madiyar/turtlebot3_ws/build/dynamixel_sdk' returned '0': CMAKE_PREFIX_PATH=${CMAKE_PREFIX_PATH}:/home/madiyar/turtlebot3_ws/install/turtlebot3_nodes:/opt/ros/humble /usr/bin/cmake --build /home/madiyar/turtlebot3_ws/build/dynamixel_sdk -- -j12 -l12
[0.670s] Invoking command in '/home/madiyar/turtlebot3_ws/build/dynamixel_sdk': CMAKE_PREFIX_PATH=${CMAKE_PREFIX_PATH}:/home/madiyar/turtlebot3_ws/install/turtlebot3_nodes:/opt/ros/humble /usr/bin/cmake --install /home/madiyar/turtlebot3_ws/build/dynamixel_sdk
[0.683s] -- Install configuration: ""
[0.685s] -- Execute custom install script
[0.686s] -- Up-to-date symlink: /home/madiyar/turtlebot3_ws/install/dynamixel_sdk/include//dynamixel_sdk/dynamixel_sdk.h
[0.687s] -- Up-to-date symlink: /home/madiyar/turtlebot3_ws/install/dynamixel_sdk/include//dynamixel_sdk/group_bulk_read.h
[0.687s] -- Up-to-date symlink: /home/madiyar/turtlebot3_ws/install/dynamixel_sdk/include//dynamixel_sdk/group_bulk_write.h
[0.688s] -- Up-to-date symlink: /home/madiyar/turtlebot3_ws/install/dynamixel_sdk/include//dynamixel_sdk/group_fast_bulk_read.h
[0.688s] -- Up-to-date symlink: /home/madiyar/turtlebot3_ws/install/dynamixel_sdk/include//dynamixel_sdk/group_fast_sync_read.h
[0.689s] -- Up-to-date symlink: /home/madiyar/turtlebot3_ws/install/dynamixel_sdk/include//dynamixel_sdk/group_handler.h
[0.689s] -- Up-to-date symlink: /home/madiyar/turtlebot3_ws/install/dynamixel_sdk/include//dynamixel_sdk/group_sync_read.h
[0.689s] -- Up-to-date symlink: /home/madiyar/turtlebot3_ws/install/dynamixel_sdk/include//dynamixel_sdk/group_sync_write.h
[0.689s] -- Up-to-date symlink: /home/madiyar/turtlebot3_ws/install/dynamixel_sdk/include//dynamixel_sdk/packet_handler.h
[0.690s] -- Up-to-date symlink: /home/madiyar/turtlebot3_ws/install/dynamixel_sdk/include//dynamixel_sdk/port_handler.h
[0.690s] -- Up-to-date symlink: /home/madiyar/turtlebot3_ws/install/dynamixel_sdk/include//dynamixel_sdk/port_handler_arduino.h
[0.690s] -- Up-to-date symlink: /home/madiyar/turtlebot3_ws/install/dynamixel_sdk/include//dynamixel_sdk/port_handler_linux.h
[0.690s] -- Up-to-date symlink: /home/madiyar/turtlebot3_ws/install/dynamixel_sdk/include//dynamixel_sdk/port_handler_mac.h
[0.691s] -- Up-to-date symlink: /home/madiyar/turtlebot3_ws/install/dynamixel_sdk/include//dynamixel_sdk/port_handler_windows.h
[0.691s] -- Up-to-date symlink: /home/madiyar/turtlebot3_ws/install/dynamixel_sdk/include//dynamixel_sdk/protocol1_packet_handler.h
[0.691s] -- Up-to-date symlink: /home/madiyar/turtlebot3_ws/install/dynamixel_sdk/include//dynamixel_sdk/protocol2_packet_handler.h
[0.692s] -- Up-to-date symlink: /home/madiyar/turtlebot3_ws/install/dynamixel_sdk/lib/libdynamixel_sdk.so
[0.692s] -- Up-to-date symlink: /home/madiyar/turtlebot3_ws/install/dynamixel_sdk/share/dynamixel_sdk/environment/pythonpath.sh
[0.692s] -- Up-to-date symlink: /home/madiyar/turtlebot3_ws/install/dynamixel_sdk/share/dynamixel_sdk/environment/pythonpath.dsv
[0.693s] -- Up-to-date symlink: /home/madiyar/turtlebot3_ws/install/dynamixel_sdk/local/lib/python3.10/dist-packages/dynamixel_sdk-3.8.3-py3.10.egg-info/PKG-INFO
[0.693s] -- Up-to-date symlink: /home/madiyar/turtlebot3_ws/install/dynamixel_sdk/local/lib/python3.10/dist-packages/dynamixel_sdk-3.8.3-py3.10.egg-info/SOURCES.txt
[0.693s] -- Up-to-date symlink: /home/madiyar/turtlebot3_ws/install/dynamixel_sdk/local/lib/python3.10/dist-packages/dynamixel_sdk-3.8.3-py3.10.egg-info/dependency_links.txt
[0.694s] -- Up-to-date symlink: /home/madiyar/turtlebot3_ws/install/dynamixel_sdk/local/lib/python3.10/dist-packages/dynamixel_sdk-3.8.3-py3.10.egg-info/top_level.txt
[0.695s] -- Up-to-date symlink: /home/madiyar/turtlebot3_ws/install/dynamixel_sdk/local/lib/python3.10/dist-packages/dynamixel_sdk/__init__.py
[0.695s] -- Up-to-date symlink: /home/madiyar/turtlebot3_ws/install/dynamixel_sdk/local/lib/python3.10/dist-packages/dynamixel_sdk/group_bulk_read.cpp
[0.696s] -- Up-to-date symlink: /home/madiyar/turtlebot3_ws/install/dynamixel_sdk/local/lib/python3.10/dist-packages/dynamixel_sdk/group_bulk_read.py
[0.696s] -- Up-to-date symlink: /home/madiyar/turtlebot3_ws/install/dynamixel_sdk/local/lib/python3.10/dist-packages/dynamixel_sdk/group_bulk_write.cpp
[0.696s] -- Up-to-date symlink: /home/madiyar/turtlebot3_ws/install/dynamixel_sdk/local/lib/python3.10/dist-packages/dynamixel_sdk/group_bulk_write.py
[0.696s] -- Up-to-date symlink: /home/madiyar/turtlebot3_ws/install/dynamixel_sdk/local/lib/python3.10/dist-packages/dynamixel_sdk/group_fast_bulk_read.cpp
[0.697s] -- Up-to-date symlink: /home/madiyar/turtlebot3_ws/install/dynamixel_sdk/local/lib/python3.10/dist-packages/dynamixel_sdk/group_fast_sync_read.cpp
[0.697s] -- Up-to-date symlink: /home/madiyar/turtlebot3_ws/install/dynamixel_sdk/local/lib/python3.10/dist-packages/dynamixel_sdk/group_handler.cpp
[0.697s] -- Up-to-date symlink: /home/madiyar/turtlebot3_ws/install/dynamixel_sdk/local/lib/python3.10/dist-packages/dynamixel_sdk/group_sync_read.cpp
[0.698s] -- Up-to-date symlink: /home/madiyar/turtlebot3_ws/install/dynamixel_sdk/local/lib/python3.10/dist-packages/dynamixel_sdk/group_sync_read.py
[0.698s] -- Up-to-date symlink: /home/madiyar/turtlebot3_ws/install/dynamixel_sdk/local/lib/python3.10/dist-packages/dynamixel_sdk/group_sync_write.cpp
[0.698s] -- Up-to-date symlink: /home/madiyar/turtlebot3_ws/install/dynamixel_sdk/local/lib/python3.10/dist-packages/dynamixel_sdk/group_sync_write.py
[0.698s] -- Up-to-date symlink: /home/madiyar/turtlebot3_ws/install/dynamixel_sdk/local/lib/python3.10/dist-packages/dynamixel_sdk/packet_handler.cpp
[0.699s] -- Up-to-date symlink: /home/madiyar/turtlebot3_ws/install/dynamixel_sdk/local/lib/python3.10/dist-packages/dynamixel_sdk/packet_handler.py
[0.699s] -- Up-to-date symlink: /home/madiyar/turtlebot3_ws/install/dynamixel_sdk/local/lib/python3.10/dist-packages/dynamixel_sdk/port_handler.cpp
[0.699s] -- Up-to-date symlink: /home/madiyar/turtlebot3_ws/install/dynamixel_sdk/local/lib/python3.10/dist-packages/dynamixel_sdk/port_handler.py
[0.699s] -- Up-to-date symlink: /home/madiyar/turtlebot3_ws/install/dynamixel_sdk/local/lib/python3.10/dist-packages/dynamixel_sdk/port_handler_arduino.cpp
[0.700s] -- Up-to-date symlink: /home/madiyar/turtlebot3_ws/install/dynamixel_sdk/local/lib/python3.10/dist-packages/dynamixel_sdk/port_handler_linux.cpp
[0.700s] -- Up-to-date symlink: /home/madiyar/turtlebot3_ws/install/dynamixel_sdk/local/lib/python3.10/dist-packages/dynamixel_sdk/port_handler_mac.cpp
[0.700s] -- Up-to-date symlink: /home/madiyar/turtlebot3_ws/install/dynamixel_sdk/local/lib/python3.10/dist-packages/dynamixel_sdk/port_handler_windows.cpp
[0.700s] -- Up-to-date symlink: /home/madiyar/turtlebot3_ws/install/dynamixel_sdk/local/lib/python3.10/dist-packages/dynamixel_sdk/protocol1_packet_handler.cpp
[0.701s] -- Up-to-date symlink: /home/madiyar/turtlebot3_ws/install/dynamixel_sdk/local/lib/python3.10/dist-packages/dynamixel_sdk/protocol1_packet_handler.py
[0.701s] -- Up-to-date symlink: /home/madiyar/turtlebot3_ws/install/dynamixel_sdk/local/lib/python3.10/dist-packages/dynamixel_sdk/protocol2_packet_handler.cpp
[0.701s] -- Up-to-date symlink: /home/madiyar/turtlebot3_ws/install/dynamixel_sdk/local/lib/python3.10/dist-packages/dynamixel_sdk/protocol2_packet_handler.py
[0.701s] -- Up-to-date symlink: /home/madiyar/turtlebot3_ws/install/dynamixel_sdk/local/lib/python3.10/dist-packages/dynamixel_sdk/robotis_def.py
[0.702s] -- Up-to-date symlink: /home/madiyar/turtlebot3_ws/install/dynamixel_sdk/share/dynamixel_sdk/environment/library_path.sh
[0.702s] -- Up-to-date symlink: /home/madiyar/turtlebot3_ws/install/dynamixel_sdk/share/dynamixel_sdk/environment/library_path.dsv
[0.702s] -- Up-to-date symlink: /home/madiyar/turtlebot3_ws/install/dynamixel_sdk/share/ament_index/resource_index/package_run_dependencies/dynamixel_sdk
[0.703s] -- Up-to-date symlink: /home/madiyar/turtlebot3_ws/install/dynamixel_sdk/share/ament_index/resource_index/parent_prefix_path/dynamixel_sdk
[0.703s] -- Up-to-date symlink: /home/madiyar/turtlebot3_ws/install/dynamixel_sdk/share/dynamixel_sdk/environment/ament_prefix_path.sh
[0.703s] -- Up-to-date symlink: /home/madiyar/turtlebot3_ws/install/dynamixel_sdk/share/dynamixel_sdk/environment/ament_prefix_path.dsv
[0.703s] -- Up-to-date symlink: /home/madiyar/turtlebot3_ws/install/dynamixel_sdk/share/dynamixel_sdk/environment/path.sh
[0.704s] -- Up-to-date symlink: /home/madiyar/turtlebot3_ws/install/dynamixel_sdk/share/dynamixel_sdk/environment/path.dsv
[0.704s] -- Up-to-date symlink: /home/madiyar/turtlebot3_ws/install/dynamixel_sdk/share/dynamixel_sdk/local_setup.bash
[0.704s] -- Up-to-date symlink: /home/madiyar/turtlebot3_ws/install/dynamixel_sdk/share/dynamixel_sdk/local_setup.sh
[0.704s] -- Up-to-date symlink: /home/madiyar/turtlebot3_ws/install/dynamixel_sdk/share/dynamixel_sdk/local_setup.zsh
[0.705s] -- Up-to-date symlink: /home/madiyar/turtlebot3_ws/install/dynamixel_sdk/share/dynamixel_sdk/local_setup.dsv
[0.705s] -- Symlinking: /home/madiyar/turtlebot3_ws/install/dynamixel_sdk/share/dynamixel_sdk/package.dsv
[0.723s] -- Up-to-date symlink: /home/madiyar/turtlebot3_ws/install/dynamixel_sdk/share/ament_index/resource_index/packages/dynamixel_sdk
[0.723s] -- Up-to-date symlink: /home/madiyar/turtlebot3_ws/install/dynamixel_sdk/share/dynamixel_sdk/cmake/ament_cmake_export_include_directories-extras.cmake
[0.724s] -- Up-to-date symlink: /home/madiyar/turtlebot3_ws/install/dynamixel_sdk/share/dynamixel_sdk/cmake/ament_cmake_export_libraries-extras.cmake
[0.724s] -- Up-to-date symlink: /home/madiyar/turtlebot3_ws/install/dynamixel_sdk/share/dynamixel_sdk/cmake/dynamixel_sdkConfig.cmake
[0.724s] -- Up-to-date symlink: /home/madiyar/turtlebot3_ws/install/dynamixel_sdk/share/dynamixel_sdk/cmake/dynamixel_sdkConfig-version.cmake
[0.725s] -- Up-to-date symlink: /home/madiyar/turtlebot3_ws/install/dynamixel_sdk/share/dynamixel_sdk/package.xml
[0.771s] Listing '/home/madiyar/turtlebot3_ws/install/dynamixel_sdk/local/lib/python3.10/dist-packages/dynamixel_sdk'...
[0.782s] Invoked command in '/home/madiyar/turtlebot3_ws/build/dynamixel_sdk' returned '0': CMAKE_PREFIX_PATH=${CMAKE_PREFIX_PATH}:/home/madiyar/turtlebot3_ws/install/turtlebot3_nodes:/opt/ros/humble /usr/bin/cmake --install /home/madiyar/turtlebot3_ws/build/dynamixel_sdk
