[0.013s] Invoking command in '/home/madiyar/turtlebot3_ws/build/turtlebot3_simulations': AMENT_PREFIX_PATH=/home/madiyar/turtlebot3_ws/install/turtlebot3_fake_node:/home/madiyar/turtlebot3_ws/install/turtlebot3_gazebo:${AMENT_PREFIX_PATH} CMAKE_PREFIX_PATH=/home/madiyar/turtlebot3_ws/install/turtlebot3_fake_node:/home/madiyar/turtlebot3_ws/install/turtlebot3_msgs:/home/madiyar/turtlebot3_ws/install/turtlebot3_gazebo:/home/madiyar/turtlebot3_ws/install/turtlebot3_node:/home/madiyar/turtlebot3_ws/install/turtlebot3_navigation2:/home/madiyar/turtlebot3_ws/install/turtlebot3_description:/home/madiyar/turtlebot3_ws/install/turtlebot3_cartographer:/home/madiyar/turtlebot3_ws/install/dynamixel_sdk_custom_interfaces:/home/madiyar/turtlebot3_ws/install/dynamixel_sdk:/home/madiyar/turtlebot3_ws/install/turtlebot3_teleop:/home/madiyar/turtlebot3_ws/install/turtlebot3_nodes:/home/madiyar/turtlebot3_ws/install/turtlebot3_example:/opt/ros/humble LD_LIBRARY_PATH=/home/madiyar/turtlebot3_ws/install/turtlebot3_msgs/lib:/home/madiyar/turtlebot3_ws/install/dynamixel_sdk_custom_interfaces/lib:/home/madiyar/turtlebot3_ws/install/dynamixel_sdk/lib:/usr/lib/x86_64-linux-gnu/gazebo-11/plugins:/opt/ros/humble/opt/rviz_ogre_vendor/lib:/opt/ros/humble/lib/x86_64-linux-gnu:/opt/ros/humble/lib:/usr/lib/x86_64-linux-gnu/gazebo-11/plugins /usr/bin/cmake /home/madiyar/turtlebot3_ws/src/turtlebot3_simulations/turtlebot3_simulations -DAMENT_CMAKE_SYMLINK_INSTALL=1 -DCMAKE_INSTALL_PREFIX=/home/madiyar/turtlebot3_ws/install/turtlebot3_simulations
[0.080s] -- The C compiler identification is GNU 11.4.0
[0.139s] -- The CXX compiler identification is GNU 11.4.0
[0.148s] -- Detecting C compiler ABI info
[0.231s] -- Detecting C compiler ABI info - done
[0.237s] -- Check for working C compiler: /usr/bin/cc - skipped
[0.237s] -- Detecting C compile features
[0.237s] -- Detecting C compile features - done
[0.240s] -- Detecting CXX compiler ABI info
[0.332s] -- Detecting CXX compiler ABI info - done
[0.339s] -- Check for working CXX compiler: /usr/bin/c++ - skipped
[0.339s] -- Detecting CXX compile features
[0.339s] -- Detecting CXX compile features - done
[0.343s] -- Found ament_cmake: 1.3.11 (/opt/ros/humble/share/ament_cmake/cmake)
[0.500s] -- Found Python3: /usr/bin/python3 (found version "3.10.12") found components: Interpreter 
[0.562s] -- Override CMake install command with custom implementation using symlinks instead of copying resources
[0.670s] -- Configuring done
[0.673s] -- Generating done
[0.674s] -- Build files have been written to: /home/madiyar/turtlebot3_ws/build/turtlebot3_simulations
[0.679s] Invoked command in '/home/madiyar/turtlebot3_ws/build/turtlebot3_simulations' returned '0': AMENT_PREFIX_PATH=/home/madiyar/turtlebot3_ws/install/turtlebot3_fake_node:/home/madiyar/turtlebot3_ws/install/turtlebot3_gazebo:${AMENT_PREFIX_PATH} CMAKE_PREFIX_PATH=/home/madiyar/turtlebot3_ws/install/turtlebot3_fake_node:/home/madiyar/turtlebot3_ws/install/turtlebot3_msgs:/home/madiyar/turtlebot3_ws/install/turtlebot3_gazebo:/home/madiyar/turtlebot3_ws/install/turtlebot3_node:/home/madiyar/turtlebot3_ws/install/turtlebot3_navigation2:/home/madiyar/turtlebot3_ws/install/turtlebot3_description:/home/madiyar/turtlebot3_ws/install/turtlebot3_cartographer:/home/madiyar/turtlebot3_ws/install/dynamixel_sdk_custom_interfaces:/home/madiyar/turtlebot3_ws/install/dynamixel_sdk:/home/madiyar/turtlebot3_ws/install/turtlebot3_teleop:/home/madiyar/turtlebot3_ws/install/turtlebot3_nodes:/home/madiyar/turtlebot3_ws/install/turtlebot3_example:/opt/ros/humble LD_LIBRARY_PATH=/home/madiyar/turtlebot3_ws/install/turtlebot3_msgs/lib:/home/madiyar/turtlebot3_ws/install/dynamixel_sdk_custom_interfaces/lib:/home/madiyar/turtlebot3_ws/install/dynamixel_sdk/lib:/usr/lib/x86_64-linux-gnu/gazebo-11/plugins:/opt/ros/humble/opt/rviz_ogre_vendor/lib:/opt/ros/humble/lib/x86_64-linux-gnu:/opt/ros/humble/lib:/usr/lib/x86_64-linux-gnu/gazebo-11/plugins /usr/bin/cmake /home/madiyar/turtlebot3_ws/src/turtlebot3_simulations/turtlebot3_simulations -DAMENT_CMAKE_SYMLINK_INSTALL=1 -DCMAKE_INSTALL_PREFIX=/home/madiyar/turtlebot3_ws/install/turtlebot3_simulations
[0.681s] Invoking command in '/home/madiyar/turtlebot3_ws/build/turtlebot3_simulations': AMENT_PREFIX_PATH=/home/madiyar/turtlebot3_ws/install/turtlebot3_fake_node:/home/madiyar/turtlebot3_ws/install/turtlebot3_gazebo:${AMENT_PREFIX_PATH} CMAKE_PREFIX_PATH=/home/madiyar/turtlebot3_ws/install/turtlebot3_fake_node:/home/madiyar/turtlebot3_ws/install/turtlebot3_msgs:/home/madiyar/turtlebot3_ws/install/turtlebot3_gazebo:/home/madiyar/turtlebot3_ws/install/turtlebot3_node:/home/madiyar/turtlebot3_ws/install/turtlebot3_navigation2:/home/madiyar/turtlebot3_ws/install/turtlebot3_description:/home/madiyar/turtlebot3_ws/install/turtlebot3_cartographer:/home/madiyar/turtlebot3_ws/install/dynamixel_sdk_custom_interfaces:/home/madiyar/turtlebot3_ws/install/dynamixel_sdk:/home/madiyar/turtlebot3_ws/install/turtlebot3_teleop:/home/madiyar/turtlebot3_ws/install/turtlebot3_nodes:/home/madiyar/turtlebot3_ws/install/turtlebot3_example:/opt/ros/humble LD_LIBRARY_PATH=/home/madiyar/turtlebot3_ws/install/turtlebot3_msgs/lib:/home/madiyar/turtlebot3_ws/install/dynamixel_sdk_custom_interfaces/lib:/home/madiyar/turtlebot3_ws/install/dynamixel_sdk/lib:/usr/lib/x86_64-linux-gnu/gazebo-11/plugins:/opt/ros/humble/opt/rviz_ogre_vendor/lib:/opt/ros/humble/lib/x86_64-linux-gnu:/opt/ros/humble/lib:/usr/lib/x86_64-linux-gnu/gazebo-11/plugins /usr/bin/cmake --build /home/madiyar/turtlebot3_ws/build/turtlebot3_simulations -- -j12 -l12
[0.724s] Invoked command in '/home/madiyar/turtlebot3_ws/build/turtlebot3_simulations' returned '0': AMENT_PREFIX_PATH=/home/madiyar/turtlebot3_ws/install/turtlebot3_fake_node:/home/madiyar/turtlebot3_ws/install/turtlebot3_gazebo:${AMENT_PREFIX_PATH} CMAKE_PREFIX_PATH=/home/madiyar/turtlebot3_ws/install/turtlebot3_fake_node:/home/madiyar/turtlebot3_ws/install/turtlebot3_msgs:/home/madiyar/turtlebot3_ws/install/turtlebot3_gazebo:/home/madiyar/turtlebot3_ws/install/turtlebot3_node:/home/madiyar/turtlebot3_ws/install/turtlebot3_navigation2:/home/madiyar/turtlebot3_ws/install/turtlebot3_description:/home/madiyar/turtlebot3_ws/install/turtlebot3_cartographer:/home/madiyar/turtlebot3_ws/install/dynamixel_sdk_custom_interfaces:/home/madiyar/turtlebot3_ws/install/dynamixel_sdk:/home/madiyar/turtlebot3_ws/install/turtlebot3_teleop:/home/madiyar/turtlebot3_ws/install/turtlebot3_nodes:/home/madiyar/turtlebot3_ws/install/turtlebot3_example:/opt/ros/humble LD_LIBRARY_PATH=/home/madiyar/turtlebot3_ws/install/turtlebot3_msgs/lib:/home/madiyar/turtlebot3_ws/install/dynamixel_sdk_custom_interfaces/lib:/home/madiyar/turtlebot3_ws/install/dynamixel_sdk/lib:/usr/lib/x86_64-linux-gnu/gazebo-11/plugins:/opt/ros/humble/opt/rviz_ogre_vendor/lib:/opt/ros/humble/lib/x86_64-linux-gnu:/opt/ros/humble/lib:/usr/lib/x86_64-linux-gnu/gazebo-11/plugins /usr/bin/cmake --build /home/madiyar/turtlebot3_ws/build/turtlebot3_simulations -- -j12 -l12
[0.726s] Invoking command in '/home/madiyar/turtlebot3_ws/build/turtlebot3_simulations': AMENT_PREFIX_PATH=/home/madiyar/turtlebot3_ws/install/turtlebot3_fake_node:/home/madiyar/turtlebot3_ws/install/turtlebot3_gazebo:${AMENT_PREFIX_PATH} CMAKE_PREFIX_PATH=/home/madiyar/turtlebot3_ws/install/turtlebot3_fake_node:/home/madiyar/turtlebot3_ws/install/turtlebot3_msgs:/home/madiyar/turtlebot3_ws/install/turtlebot3_gazebo:/home/madiyar/turtlebot3_ws/install/turtlebot3_node:/home/madiyar/turtlebot3_ws/install/turtlebot3_navigation2:/home/madiyar/turtlebot3_ws/install/turtlebot3_description:/home/madiyar/turtlebot3_ws/install/turtlebot3_cartographer:/home/madiyar/turtlebot3_ws/install/dynamixel_sdk_custom_interfaces:/home/madiyar/turtlebot3_ws/install/dynamixel_sdk:/home/madiyar/turtlebot3_ws/install/turtlebot3_teleop:/home/madiyar/turtlebot3_ws/install/turtlebot3_nodes:/home/madiyar/turtlebot3_ws/install/turtlebot3_example:/opt/ros/humble LD_LIBRARY_PATH=/home/madiyar/turtlebot3_ws/install/turtlebot3_msgs/lib:/home/madiyar/turtlebot3_ws/install/dynamixel_sdk_custom_interfaces/lib:/home/madiyar/turtlebot3_ws/install/dynamixel_sdk/lib:/usr/lib/x86_64-linux-gnu/gazebo-11/plugins:/opt/ros/humble/opt/rviz_ogre_vendor/lib:/opt/ros/humble/lib/x86_64-linux-gnu:/opt/ros/humble/lib:/usr/lib/x86_64-linux-gnu/gazebo-11/plugins /usr/bin/cmake --install /home/madiyar/turtlebot3_ws/build/turtlebot3_simulations
[0.734s] -- Install configuration: ""
[0.734s] -- Execute custom install script
[0.734s] -- Symlinking: /home/madiyar/turtlebot3_ws/install/turtlebot3_simulations/share/ament_index/resource_index/package_run_dependencies/turtlebot3_simulations
[0.746s] -- Symlinking: /home/madiyar/turtlebot3_ws/install/turtlebot3_simulations/share/ament_index/resource_index/parent_prefix_path/turtlebot3_simulations
[0.757s] -- Symlinking: /home/madiyar/turtlebot3_ws/install/turtlebot3_simulations/share/turtlebot3_simulations/environment/ament_prefix_path.sh
[0.767s] -- Symlinking: /home/madiyar/turtlebot3_ws/install/turtlebot3_simulations/share/turtlebot3_simulations/environment/ament_prefix_path.dsv
[0.778s] -- Symlinking: /home/madiyar/turtlebot3_ws/install/turtlebot3_simulations/share/turtlebot3_simulations/environment/path.sh
[0.789s] -- Symlinking: /home/madiyar/turtlebot3_ws/install/turtlebot3_simulations/share/turtlebot3_simulations/environment/path.dsv
[0.798s] -- Symlinking: /home/madiyar/turtlebot3_ws/install/turtlebot3_simulations/share/turtlebot3_simulations/local_setup.bash
[0.808s] -- Symlinking: /home/madiyar/turtlebot3_ws/install/turtlebot3_simulations/share/turtlebot3_simulations/local_setup.sh
[0.819s] -- Symlinking: /home/madiyar/turtlebot3_ws/install/turtlebot3_simulations/share/turtlebot3_simulations/local_setup.zsh
[0.829s] -- Symlinking: /home/madiyar/turtlebot3_ws/install/turtlebot3_simulations/share/turtlebot3_simulations/local_setup.dsv
[0.841s] -- Symlinking: /home/madiyar/turtlebot3_ws/install/turtlebot3_simulations/share/turtlebot3_simulations/package.dsv
[0.852s] -- Symlinking: /home/madiyar/turtlebot3_ws/install/turtlebot3_simulations/share/ament_index/resource_index/packages/turtlebot3_simulations
[0.862s] -- Symlinking: /home/madiyar/turtlebot3_ws/install/turtlebot3_simulations/share/turtlebot3_simulations/cmake/turtlebot3_simulationsConfig.cmake
[0.873s] -- Symlinking: /home/madiyar/turtlebot3_ws/install/turtlebot3_simulations/share/turtlebot3_simulations/cmake/turtlebot3_simulationsConfig-version.cmake
[0.885s] -- Symlinking: /home/madiyar/turtlebot3_ws/install/turtlebot3_simulations/share/turtlebot3_simulations/package.xml
[0.899s] Invoked command in '/home/madiyar/turtlebot3_ws/build/turtlebot3_simulations' returned '0': AMENT_PREFIX_PATH=/home/madiyar/turtlebot3_ws/install/turtlebot3_fake_node:/home/madiyar/turtlebot3_ws/install/turtlebot3_gazebo:${AMENT_PREFIX_PATH} CMAKE_PREFIX_PATH=/home/madiyar/turtlebot3_ws/install/turtlebot3_fake_node:/home/madiyar/turtlebot3_ws/install/turtlebot3_msgs:/home/madiyar/turtlebot3_ws/install/turtlebot3_gazebo:/home/madiyar/turtlebot3_ws/install/turtlebot3_node:/home/madiyar/turtlebot3_ws/install/turtlebot3_navigation2:/home/madiyar/turtlebot3_ws/install/turtlebot3_description:/home/madiyar/turtlebot3_ws/install/turtlebot3_cartographer:/home/madiyar/turtlebot3_ws/install/dynamixel_sdk_custom_interfaces:/home/madiyar/turtlebot3_ws/install/dynamixel_sdk:/home/madiyar/turtlebot3_ws/install/turtlebot3_teleop:/home/madiyar/turtlebot3_ws/install/turtlebot3_nodes:/home/madiyar/turtlebot3_ws/install/turtlebot3_example:/opt/ros/humble LD_LIBRARY_PATH=/home/madiyar/turtlebot3_ws/install/turtlebot3_msgs/lib:/home/madiyar/turtlebot3_ws/install/dynamixel_sdk_custom_interfaces/lib:/home/madiyar/turtlebot3_ws/install/dynamixel_sdk/lib:/usr/lib/x86_64-linux-gnu/gazebo-11/plugins:/opt/ros/humble/opt/rviz_ogre_vendor/lib:/opt/ros/humble/lib/x86_64-linux-gnu:/opt/ros/humble/lib:/usr/lib/x86_64-linux-gnu/gazebo-11/plugins /usr/bin/cmake --install /home/madiyar/turtlebot3_ws/build/turtlebot3_simulations
