[0.000000] (-) TimerEvent: {}
[0.000317] (-) JobUnselected: {'identifier': 'dynamixel_sdk'}
[0.000374] (-) JobUnselected: {'identifier': 'dynamixel_sdk_custom_interfaces'}
[0.000402] (-) JobUnselected: {'identifier': 'dynamixel_sdk_examples'}
[0.000423] (-) JobUnselected: {'identifier': 'turtlebot3'}
[0.000444] (-) JobUnselected: {'identifier': 'turtlebot3_bringup'}
[0.000464] (-) JobUnselected: {'identifier': 'turtlebot3_cartographer'}
[0.000484] (-) JobUnselected: {'identifier': 'turtlebot3_description'}
[0.000503] (-) JobUnselected: {'identifier': 'turtlebot3_example'}
[0.000522] (-) JobUnselected: {'identifier': 'turtlebot3_fake_node'}
[0.000541] (-) JobUnselected: {'identifier': 'turtlebot3_gazebo'}
[0.000560] (-) JobUnselected: {'identifier': 'turtlebot3_msgs'}
[0.000579] (-) JobUnselected: {'identifier': 'turtlebot3_navigation2'}
[0.000598] (-) JobUnselected: {'identifier': 'turtlebot3_node'}
[0.000617] (-) JobUnselected: {'identifier': 'turtlebot3_simulations'}
[0.000635] (-) JobUnselected: {'identifier': 'turtlebot3_teleop'}
[0.000660] (turtlebot3_nodes) JobQueued: {'identifier': 'turtlebot3_nodes', 'dependencies': OrderedDict()}
[0.000685] (turtlebot3_nodes) JobStarted: {'identifier': 'turtlebot3_nodes'}
[0.098742] (-) TimerEvent: {}
[0.199293] (-) TimerEvent: {}
[0.299812] (-) TimerEvent: {}
[0.388789] (turtlebot3_nodes) StderrLine: {'line': b'Traceback (most recent call last):\n  File "/usr/lib/python3/dist-packages/colcon_core/executor/__init__.py", line 91, in __call__\n    rc = await self.task(*args, **kwargs)\n  File "/usr/lib/python3/dist-packages/colcon_core/task/__init__.py", line 93, in __call__\n    return await task_method(*args, **kwargs)\n  File "/usr/lib/python3/dist-packages/colcon_ros/task/ament_python/build.py", line 54, in build\n    data_files = get_data_files_mapping(\n  File "/usr/lib/python3/dist-packages/colcon_core/task/python/__init__.py", line 42, in get_data_files_mapping\n    assert not os.path.isabs(source), \\\nAssertionError: \'data_files\' must be relative, \'/home/madiyar/turtlebot3_ws/src/turtlebot3_nodes/model/keypoint_classifier/keypoint_classifier_label.csv\' is absolute\n'}
[0.389845] (turtlebot3_nodes) JobEnded: {'identifier': 'turtlebot3_nodes', 'rc': 1}
[0.399830] (-) EventReactorShutdown: {}
