[0.060s] Invoking command in '/home/madiyar/turtlebot3_ws/build/dynamixel_sdk_examples': CMAKE_PREFIX_PATH=/home/madiyar/turtlebot3_ws/install/dynamixel_sdk_custom_interfaces:/home/madiyar/turtlebot3_ws/install/dynamixel_sdk:/home/madiyar/turtlebot3_ws/install/turtlebot3_node:/home/madiyar/turtlebot3_ws/install/turtlebot3_navigation2:/home/madiyar/turtlebot3_ws/install/turtlebot3_msgs:/home/madiyar/turtlebot3_ws/install/turtlebot3_description:/home/madiyar/turtlebot3_ws/install/turtlebot3_cartographer:/home/madiyar/turtlebot3_ws/install/turtlebot3_teleop:/home/madiyar/turtlebot3_ws/install/turtlebot3_nodes:/home/madiyar/turtlebot3_ws/install/turtlebot3_example:/opt/ros/humble LD_LIBRARY_PATH=/home/madiyar/turtlebot3_ws/install/dynamixel_sdk_custom_interfaces/lib:/home/madiyar/turtlebot3_ws/install/dynamixel_sdk/lib:/home/madiyar/turtlebot3_ws/install/turtlebot3_msgs/lib:/usr/lib/x86_64-linux-gnu/gazebo-11/plugins:/opt/ros/humble/opt/rviz_ogre_vendor/lib:/opt/ros/humble/lib/x86_64-linux-gnu:/opt/ros/humble/lib:/usr/lib/x86_64-linux-gnu/gazebo-11/plugins /usr/bin/cmake /home/madiyar/turtlebot3_ws/src/DynamixelSDK/ros/dynamixel_sdk_examples -DAMENT_CMAKE_SYMLINK_INSTALL=1 -DCMAKE_INSTALL_PREFIX=/home/madiyar/turtlebot3_ws/install/dynamixel_sdk_examples
[0.211s] -- The C compiler identification is GNU 11.4.0
[0.311s] -- The CXX compiler identification is GNU 11.4.0
[0.324s] -- Detecting C compiler ABI info
[0.439s] -- Detecting C compiler ABI info - done
[0.448s] -- Check for working C compiler: /usr/bin/cc - skipped
[0.449s] -- Detecting C compile features
[0.450s] -- Detecting C compile features - done
[0.454s] -- Detecting CXX compiler ABI info
[0.588s] -- Detecting CXX compiler ABI info - done
[0.598s] -- Check for working CXX compiler: /usr/bin/c++ - skipped
[0.598s] -- Detecting CXX compile features
[0.599s] -- Detecting CXX compile features - done
[0.606s] -- Found ament_cmake: 1.3.11 (/opt/ros/humble/share/ament_cmake/cmake)
[0.874s] -- Found Python3: /usr/bin/python3 (found version "3.10.12") found components: Interpreter 
[0.975s] -- Override CMake install command with custom implementation using symlinks instead of copying resources
[1.064s] -- Found dynamixel_sdk: 3.8.3 (/home/madiyar/turtlebot3_ws/install/dynamixel_sdk/share/dynamixel_sdk/cmake)
[1.066s] -- Found dynamixel_sdk_custom_interfaces: 3.8.3 (/home/madiyar/turtlebot3_ws/install/dynamixel_sdk_custom_interfaces/share/dynamixel_sdk_custom_interfaces/cmake)
[1.135s] -- Found rosidl_generator_c: 3.1.6 (/opt/ros/humble/share/rosidl_generator_c/cmake)
[1.147s] -- Found rosidl_adapter: 3.1.6 (/opt/ros/humble/share/rosidl_adapter/cmake)
[1.162s] -- Found rosidl_generator_cpp: 3.1.6 (/opt/ros/humble/share/rosidl_generator_cpp/cmake)
[1.184s] -- Using all available rosidl_typesupport_c: rosidl_typesupport_fastrtps_c;rosidl_typesupport_introspection_c
[1.214s] -- Using all available rosidl_typesupport_cpp: rosidl_typesupport_fastrtps_cpp;rosidl_typesupport_introspection_cpp
[1.262s] -- Found rclcpp: 16.0.12 (/opt/ros/humble/share/rclcpp/cmake)
[1.342s] -- Found rmw_implementation_cmake: 6.1.2 (/opt/ros/humble/share/rmw_implementation_cmake/cmake)
[1.350s] -- Found rmw_fastrtps_cpp: 6.2.7 (/opt/ros/humble/share/rmw_fastrtps_cpp/cmake)
[1.532s] -- Found OpenSSL: /usr/lib/x86_64-linux-gnu/libcrypto.so (found version "3.0.2")  
[1.580s] -- Found FastRTPS: /opt/ros/humble/include  
[1.651s] -- Using RMW implementation 'rmw_fastrtps_cpp' as default
[1.669s] -- Looking for pthread.h
[1.781s] -- Looking for pthread.h - found
[1.782s] -- Performing Test CMAKE_HAVE_LIBC_PTHREAD
[1.896s] -- Performing Test CMAKE_HAVE_LIBC_PTHREAD - Success
[1.897s] -- Found Threads: TRUE  
[1.980s] -- Found rclpy: 3.3.16 (/opt/ros/humble/share/rclpy/cmake)
[1.989s] -- Found ament_lint_auto: 0.12.12 (/opt/ros/humble/share/ament_lint_auto/cmake)
[2.133s] -- Added test 'copyright' to check source files copyright and LICENSE
[2.136s] -- Added test 'cppcheck' to perform static code analysis on C / C++ code
[2.136s] -- Configured cppcheck include dirs: /home/madiyar/turtlebot3_ws/src/DynamixelSDK/ros/dynamixel_sdk_examples/include
[2.136s] -- Configured cppcheck exclude dirs and/or files: 
[2.138s] -- Added test 'cpplint' to check C / C++ code against the Google style
[2.138s] -- Configured cpplint exclude dirs and/or files: 
[2.139s] -- Added test 'flake8' to check Python code syntax and style conventions
[2.140s] -- Added test 'lint_cmake' to check CMake code style
[2.141s] -- Added test 'pep257' to check Python code against some of the docstring style conventions in PEP 257
[2.143s] -- Added test 'uncrustify' to check C / C++ code style
[2.143s] -- Configured uncrustify additional arguments: 
[2.144s] -- Added test 'xmllint' to check XML markup files
[2.146s] -- Configuring done
[2.162s] -- Generating done
[2.167s] -- Build files have been written to: /home/madiyar/turtlebot3_ws/build/dynamixel_sdk_examples
[2.179s] Invoked command in '/home/madiyar/turtlebot3_ws/build/dynamixel_sdk_examples' returned '0': CMAKE_PREFIX_PATH=/home/madiyar/turtlebot3_ws/install/dynamixel_sdk_custom_interfaces:/home/madiyar/turtlebot3_ws/install/dynamixel_sdk:/home/madiyar/turtlebot3_ws/install/turtlebot3_node:/home/madiyar/turtlebot3_ws/install/turtlebot3_navigation2:/home/madiyar/turtlebot3_ws/install/turtlebot3_msgs:/home/madiyar/turtlebot3_ws/install/turtlebot3_description:/home/madiyar/turtlebot3_ws/install/turtlebot3_cartographer:/home/madiyar/turtlebot3_ws/install/turtlebot3_teleop:/home/madiyar/turtlebot3_ws/install/turtlebot3_nodes:/home/madiyar/turtlebot3_ws/install/turtlebot3_example:/opt/ros/humble LD_LIBRARY_PATH=/home/madiyar/turtlebot3_ws/install/dynamixel_sdk_custom_interfaces/lib:/home/madiyar/turtlebot3_ws/install/dynamixel_sdk/lib:/home/madiyar/turtlebot3_ws/install/turtlebot3_msgs/lib:/usr/lib/x86_64-linux-gnu/gazebo-11/plugins:/opt/ros/humble/opt/rviz_ogre_vendor/lib:/opt/ros/humble/lib/x86_64-linux-gnu:/opt/ros/humble/lib:/usr/lib/x86_64-linux-gnu/gazebo-11/plugins /usr/bin/cmake /home/madiyar/turtlebot3_ws/src/DynamixelSDK/ros/dynamixel_sdk_examples -DAMENT_CMAKE_SYMLINK_INSTALL=1 -DCMAKE_INSTALL_PREFIX=/home/madiyar/turtlebot3_ws/install/dynamixel_sdk_examples
[2.182s] Invoking command in '/home/madiyar/turtlebot3_ws/build/dynamixel_sdk_examples': CMAKE_PREFIX_PATH=/home/madiyar/turtlebot3_ws/install/dynamixel_sdk_custom_interfaces:/home/madiyar/turtlebot3_ws/install/dynamixel_sdk:/home/madiyar/turtlebot3_ws/install/turtlebot3_node:/home/madiyar/turtlebot3_ws/install/turtlebot3_navigation2:/home/madiyar/turtlebot3_ws/install/turtlebot3_msgs:/home/madiyar/turtlebot3_ws/install/turtlebot3_description:/home/madiyar/turtlebot3_ws/install/turtlebot3_cartographer:/home/madiyar/turtlebot3_ws/install/turtlebot3_teleop:/home/madiyar/turtlebot3_ws/install/turtlebot3_nodes:/home/madiyar/turtlebot3_ws/install/turtlebot3_example:/opt/ros/humble LD_LIBRARY_PATH=/home/madiyar/turtlebot3_ws/install/dynamixel_sdk_custom_interfaces/lib:/home/madiyar/turtlebot3_ws/install/dynamixel_sdk/lib:/home/madiyar/turtlebot3_ws/install/turtlebot3_msgs/lib:/usr/lib/x86_64-linux-gnu/gazebo-11/plugins:/opt/ros/humble/opt/rviz_ogre_vendor/lib:/opt/ros/humble/lib/x86_64-linux-gnu:/opt/ros/humble/lib:/usr/lib/x86_64-linux-gnu/gazebo-11/plugins /usr/bin/cmake --build /home/madiyar/turtlebot3_ws/build/dynamixel_sdk_examples -- -j12 -l12
[2.262s] [ 50%] [32mBuilding CXX object CMakeFiles/read_write_node.dir/src/read_write_node.cpp.o[0m
[10.811s] [100%] [32m[1mLinking CXX executable read_write_node[0m
[11.256s] [100%] Built target read_write_node
[11.269s] Invoked command in '/home/madiyar/turtlebot3_ws/build/dynamixel_sdk_examples' returned '0': CMAKE_PREFIX_PATH=/home/madiyar/turtlebot3_ws/install/dynamixel_sdk_custom_interfaces:/home/madiyar/turtlebot3_ws/install/dynamixel_sdk:/home/madiyar/turtlebot3_ws/install/turtlebot3_node:/home/madiyar/turtlebot3_ws/install/turtlebot3_navigation2:/home/madiyar/turtlebot3_ws/install/turtlebot3_msgs:/home/madiyar/turtlebot3_ws/install/turtlebot3_description:/home/madiyar/turtlebot3_ws/install/turtlebot3_cartographer:/home/madiyar/turtlebot3_ws/install/turtlebot3_teleop:/home/madiyar/turtlebot3_ws/install/turtlebot3_nodes:/home/madiyar/turtlebot3_ws/install/turtlebot3_example:/opt/ros/humble LD_LIBRARY_PATH=/home/madiyar/turtlebot3_ws/install/dynamixel_sdk_custom_interfaces/lib:/home/madiyar/turtlebot3_ws/install/dynamixel_sdk/lib:/home/madiyar/turtlebot3_ws/install/turtlebot3_msgs/lib:/usr/lib/x86_64-linux-gnu/gazebo-11/plugins:/opt/ros/humble/opt/rviz_ogre_vendor/lib:/opt/ros/humble/lib/x86_64-linux-gnu:/opt/ros/humble/lib:/usr/lib/x86_64-linux-gnu/gazebo-11/plugins /usr/bin/cmake --build /home/madiyar/turtlebot3_ws/build/dynamixel_sdk_examples -- -j12 -l12
[11.272s] Invoking command in '/home/madiyar/turtlebot3_ws/build/dynamixel_sdk_examples': CMAKE_PREFIX_PATH=/home/madiyar/turtlebot3_ws/install/dynamixel_sdk_custom_interfaces:/home/madiyar/turtlebot3_ws/install/dynamixel_sdk:/home/madiyar/turtlebot3_ws/install/turtlebot3_node:/home/madiyar/turtlebot3_ws/install/turtlebot3_navigation2:/home/madiyar/turtlebot3_ws/install/turtlebot3_msgs:/home/madiyar/turtlebot3_ws/install/turtlebot3_description:/home/madiyar/turtlebot3_ws/install/turtlebot3_cartographer:/home/madiyar/turtlebot3_ws/install/turtlebot3_teleop:/home/madiyar/turtlebot3_ws/install/turtlebot3_nodes:/home/madiyar/turtlebot3_ws/install/turtlebot3_example:/opt/ros/humble LD_LIBRARY_PATH=/home/madiyar/turtlebot3_ws/install/dynamixel_sdk_custom_interfaces/lib:/home/madiyar/turtlebot3_ws/install/dynamixel_sdk/lib:/home/madiyar/turtlebot3_ws/install/turtlebot3_msgs/lib:/usr/lib/x86_64-linux-gnu/gazebo-11/plugins:/opt/ros/humble/opt/rviz_ogre_vendor/lib:/opt/ros/humble/lib/x86_64-linux-gnu:/opt/ros/humble/lib:/usr/lib/x86_64-linux-gnu/gazebo-11/plugins /usr/bin/cmake --install /home/madiyar/turtlebot3_ws/build/dynamixel_sdk_examples
[11.278s] -- Install configuration: ""
[11.279s] -- Execute custom install script
[11.279s] -- Symlinking: /home/madiyar/turtlebot3_ws/install/dynamixel_sdk_examples/lib/dynamixel_sdk_examples/read_write_node
[11.289s] -- Symlinking: /home/madiyar/turtlebot3_ws/install/dynamixel_sdk_examples/lib/dynamixel_sdk_examples/read_write_node.py
[11.300s] -- Symlinking: /home/madiyar/turtlebot3_ws/install/dynamixel_sdk_examples/share/ament_index/resource_index/package_run_dependencies/dynamixel_sdk_examples
[11.310s] -- Symlinking: /home/madiyar/turtlebot3_ws/install/dynamixel_sdk_examples/share/ament_index/resource_index/parent_prefix_path/dynamixel_sdk_examples
[11.321s] -- Symlinking: /home/madiyar/turtlebot3_ws/install/dynamixel_sdk_examples/share/dynamixel_sdk_examples/environment/ament_prefix_path.sh
[11.332s] -- Symlinking: /home/madiyar/turtlebot3_ws/install/dynamixel_sdk_examples/share/dynamixel_sdk_examples/environment/ament_prefix_path.dsv
[11.341s] -- Symlinking: /home/madiyar/turtlebot3_ws/install/dynamixel_sdk_examples/share/dynamixel_sdk_examples/environment/path.sh
[11.351s] -- Symlinking: /home/madiyar/turtlebot3_ws/install/dynamixel_sdk_examples/share/dynamixel_sdk_examples/environment/path.dsv
[11.362s] -- Symlinking: /home/madiyar/turtlebot3_ws/install/dynamixel_sdk_examples/share/dynamixel_sdk_examples/local_setup.bash
[11.372s] -- Symlinking: /home/madiyar/turtlebot3_ws/install/dynamixel_sdk_examples/share/dynamixel_sdk_examples/local_setup.sh
[11.382s] -- Symlinking: /home/madiyar/turtlebot3_ws/install/dynamixel_sdk_examples/share/dynamixel_sdk_examples/local_setup.zsh
[11.393s] -- Symlinking: /home/madiyar/turtlebot3_ws/install/dynamixel_sdk_examples/share/dynamixel_sdk_examples/local_setup.dsv
[11.404s] -- Symlinking: /home/madiyar/turtlebot3_ws/install/dynamixel_sdk_examples/share/dynamixel_sdk_examples/package.dsv
[11.415s] -- Symlinking: /home/madiyar/turtlebot3_ws/install/dynamixel_sdk_examples/share/ament_index/resource_index/packages/dynamixel_sdk_examples
[11.425s] -- Symlinking: /home/madiyar/turtlebot3_ws/install/dynamixel_sdk_examples/share/dynamixel_sdk_examples/cmake/dynamixel_sdk_examplesConfig.cmake
[11.436s] -- Symlinking: /home/madiyar/turtlebot3_ws/install/dynamixel_sdk_examples/share/dynamixel_sdk_examples/cmake/dynamixel_sdk_examplesConfig-version.cmake
[11.447s] -- Symlinking: /home/madiyar/turtlebot3_ws/install/dynamixel_sdk_examples/share/dynamixel_sdk_examples/package.xml
[11.459s] Invoked command in '/home/madiyar/turtlebot3_ws/build/dynamixel_sdk_examples' returned '0': CMAKE_PREFIX_PATH=/home/madiyar/turtlebot3_ws/install/dynamixel_sdk_custom_interfaces:/home/madiyar/turtlebot3_ws/install/dynamixel_sdk:/home/madiyar/turtlebot3_ws/install/turtlebot3_node:/home/madiyar/turtlebot3_ws/install/turtlebot3_navigation2:/home/madiyar/turtlebot3_ws/install/turtlebot3_msgs:/home/madiyar/turtlebot3_ws/install/turtlebot3_description:/home/madiyar/turtlebot3_ws/install/turtlebot3_cartographer:/home/madiyar/turtlebot3_ws/install/turtlebot3_teleop:/home/madiyar/turtlebot3_ws/install/turtlebot3_nodes:/home/madiyar/turtlebot3_ws/install/turtlebot3_example:/opt/ros/humble LD_LIBRARY_PATH=/home/madiyar/turtlebot3_ws/install/dynamixel_sdk_custom_interfaces/lib:/home/madiyar/turtlebot3_ws/install/dynamixel_sdk/lib:/home/madiyar/turtlebot3_ws/install/turtlebot3_msgs/lib:/usr/lib/x86_64-linux-gnu/gazebo-11/plugins:/opt/ros/humble/opt/rviz_ogre_vendor/lib:/opt/ros/humble/lib/x86_64-linux-gnu:/opt/ros/humble/lib:/usr/lib/x86_64-linux-gnu/gazebo-11/plugins /usr/bin/cmake --install /home/madiyar/turtlebot3_ws/build/dynamixel_sdk_examples
