[0.034s] Invoking command in '/home/madiyar/turtlebot3_ws/build/turtlebot3_node': CMAKE_PREFIX_PATH=/home/madiyar/turtlebot3_ws/install/turtlebot3_msgs:/home/madiyar/turtlebot3_ws/install/dynamixel_sdk:/home/madiyar/turtlebot3_ws/install/turtlebot3_node:/home/madiyar/turtlebot3_ws/install/turtlebot3_navigation2:/home/madiyar/turtlebot3_ws/install/turtlebot3_description:/home/madiyar/turtlebot3_ws/install/turtlebot3_cartographer:/home/madiyar/turtlebot3_ws/install/dynamixel_sdk_custom_interfaces:/home/madiyar/turtlebot3_ws/install/turtlebot3_teleop:/home/madiyar/turtlebot3_ws/install/turtlebot3_nodes:/home/madiyar/turtlebot3_ws/install/turtlebot3_example:/opt/ros/humble LD_LIBRARY_PATH=/home/madiyar/turtlebot3_ws/install/turtlebot3_msgs/lib:/home/madiyar/turtlebot3_ws/install/dynamixel_sdk/lib:/home/madiyar/turtlebot3_ws/install/dynamixel_sdk_custom_interfaces/lib:/usr/lib/x86_64-linux-gnu/gazebo-11/plugins:/opt/ros/humble/opt/rviz_ogre_vendor/lib:/opt/ros/humble/lib/x86_64-linux-gnu:/opt/ros/humble/lib:/usr/lib/x86_64-linux-gnu/gazebo-11/plugins /usr/bin/cmake --build /home/madiyar/turtlebot3_ws/build/turtlebot3_node -- -j12 -l12
[0.436s] [ 85%] Built target turtlebot3_node_lib
[0.436s] [100%] Built target turtlebot3_ros
[0.451s] Invoked command in '/home/madiyar/turtlebot3_ws/build/turtlebot3_node' returned '0': CMAKE_PREFIX_PATH=/home/madiyar/turtlebot3_ws/install/turtlebot3_msgs:/home/madiyar/turtlebot3_ws/install/dynamixel_sdk:/home/madiyar/turtlebot3_ws/install/turtlebot3_node:/home/madiyar/turtlebot3_ws/install/turtlebot3_navigation2:/home/madiyar/turtlebot3_ws/install/turtlebot3_description:/home/madiyar/turtlebot3_ws/install/turtlebot3_cartographer:/home/madiyar/turtlebot3_ws/install/dynamixel_sdk_custom_interfaces:/home/madiyar/turtlebot3_ws/install/turtlebot3_teleop:/home/madiyar/turtlebot3_ws/install/turtlebot3_nodes:/home/madiyar/turtlebot3_ws/install/turtlebot3_example:/opt/ros/humble LD_LIBRARY_PATH=/home/madiyar/turtlebot3_ws/install/turtlebot3_msgs/lib:/home/madiyar/turtlebot3_ws/install/dynamixel_sdk/lib:/home/madiyar/turtlebot3_ws/install/dynamixel_sdk_custom_interfaces/lib:/usr/lib/x86_64-linux-gnu/gazebo-11/plugins:/opt/ros/humble/opt/rviz_ogre_vendor/lib:/opt/ros/humble/lib/x86_64-linux-gnu:/opt/ros/humble/lib:/usr/lib/x86_64-linux-gnu/gazebo-11/plugins /usr/bin/cmake --build /home/madiyar/turtlebot3_ws/build/turtlebot3_node -- -j12 -l12
[0.454s] Invoking command in '/home/madiyar/turtlebot3_ws/build/turtlebot3_node': CMAKE_PREFIX_PATH=/home/madiyar/turtlebot3_ws/install/turtlebot3_msgs:/home/madiyar/turtlebot3_ws/install/dynamixel_sdk:/home/madiyar/turtlebot3_ws/install/turtlebot3_node:/home/madiyar/turtlebot3_ws/install/turtlebot3_navigation2:/home/madiyar/turtlebot3_ws/install/turtlebot3_description:/home/madiyar/turtlebot3_ws/install/turtlebot3_cartographer:/home/madiyar/turtlebot3_ws/install/dynamixel_sdk_custom_interfaces:/home/madiyar/turtlebot3_ws/install/turtlebot3_teleop:/home/madiyar/turtlebot3_ws/install/turtlebot3_nodes:/home/madiyar/turtlebot3_ws/install/turtlebot3_example:/opt/ros/humble LD_LIBRARY_PATH=/home/madiyar/turtlebot3_ws/install/turtlebot3_msgs/lib:/home/madiyar/turtlebot3_ws/install/dynamixel_sdk/lib:/home/madiyar/turtlebot3_ws/install/dynamixel_sdk_custom_interfaces/lib:/usr/lib/x86_64-linux-gnu/gazebo-11/plugins:/opt/ros/humble/opt/rviz_ogre_vendor/lib:/opt/ros/humble/lib/x86_64-linux-gnu:/opt/ros/humble/lib:/usr/lib/x86_64-linux-gnu/gazebo-11/plugins /usr/bin/cmake --install /home/madiyar/turtlebot3_ws/build/turtlebot3_node
[0.465s] -- Install configuration: ""
[0.466s] -- Execute custom install script
[0.467s] -- Up-to-date symlink: /home/madiyar/turtlebot3_ws/install/turtlebot3_node/share/turtlebot3_node/param/burger.yaml
[0.468s] -- Up-to-date symlink: /home/madiyar/turtlebot3_ws/install/turtlebot3_node/share/turtlebot3_node/param/waffle.yaml
[0.468s] -- Up-to-date symlink: /home/madiyar/turtlebot3_ws/install/turtlebot3_node/share/turtlebot3_node/param/waffle_pi.yaml
[0.469s] -- Up-to-date symlink: /home/madiyar/turtlebot3_ws/install/turtlebot3_node/lib/turtlebot3_node/turtlebot3_ros
[0.469s] -- Up-to-date symlink: /home/madiyar/turtlebot3_ws/install/turtlebot3_node/share/ament_index/resource_index/package_run_dependencies/turtlebot3_node
[0.469s] -- Up-to-date symlink: /home/madiyar/turtlebot3_ws/install/turtlebot3_node/share/ament_index/resource_index/parent_prefix_path/turtlebot3_node
[0.470s] -- Up-to-date symlink: /home/madiyar/turtlebot3_ws/install/turtlebot3_node/share/turtlebot3_node/environment/ament_prefix_path.sh
[0.470s] -- Up-to-date symlink: /home/madiyar/turtlebot3_ws/install/turtlebot3_node/share/turtlebot3_node/environment/ament_prefix_path.dsv
[0.471s] -- Up-to-date symlink: /home/madiyar/turtlebot3_ws/install/turtlebot3_node/share/turtlebot3_node/environment/path.sh
[0.471s] -- Up-to-date symlink: /home/madiyar/turtlebot3_ws/install/turtlebot3_node/share/turtlebot3_node/environment/path.dsv
[0.472s] -- Up-to-date symlink: /home/madiyar/turtlebot3_ws/install/turtlebot3_node/share/turtlebot3_node/local_setup.bash
[0.472s] -- Up-to-date symlink: /home/madiyar/turtlebot3_ws/install/turtlebot3_node/share/turtlebot3_node/local_setup.sh
[0.472s] -- Up-to-date symlink: /home/madiyar/turtlebot3_ws/install/turtlebot3_node/share/turtlebot3_node/local_setup.zsh
[0.473s] -- Up-to-date symlink: /home/madiyar/turtlebot3_ws/install/turtlebot3_node/share/turtlebot3_node/local_setup.dsv
[0.473s] -- Symlinking: /home/madiyar/turtlebot3_ws/install/turtlebot3_node/share/turtlebot3_node/package.dsv
[0.488s] -- Up-to-date symlink: /home/madiyar/turtlebot3_ws/install/turtlebot3_node/share/ament_index/resource_index/packages/turtlebot3_node
[0.489s] -- Up-to-date symlink: /home/madiyar/turtlebot3_ws/install/turtlebot3_node/share/turtlebot3_node/cmake/ament_cmake_export_include_directories-extras.cmake
[0.489s] -- Up-to-date symlink: /home/madiyar/turtlebot3_ws/install/turtlebot3_node/share/turtlebot3_node/cmake/turtlebot3_nodeConfig.cmake
[0.489s] -- Up-to-date symlink: /home/madiyar/turtlebot3_ws/install/turtlebot3_node/share/turtlebot3_node/cmake/turtlebot3_nodeConfig-version.cmake
[0.490s] -- Up-to-date symlink: /home/madiyar/turtlebot3_ws/install/turtlebot3_node/share/turtlebot3_node/package.xml
[0.494s] Invoked command in '/home/madiyar/turtlebot3_ws/build/turtlebot3_node' returned '0': CMAKE_PREFIX_PATH=/home/madiyar/turtlebot3_ws/install/turtlebot3_msgs:/home/madiyar/turtlebot3_ws/install/dynamixel_sdk:/home/madiyar/turtlebot3_ws/install/turtlebot3_node:/home/madiyar/turtlebot3_ws/install/turtlebot3_navigation2:/home/madiyar/turtlebot3_ws/install/turtlebot3_description:/home/madiyar/turtlebot3_ws/install/turtlebot3_cartographer:/home/madiyar/turtlebot3_ws/install/dynamixel_sdk_custom_interfaces:/home/madiyar/turtlebot3_ws/install/turtlebot3_teleop:/home/madiyar/turtlebot3_ws/install/turtlebot3_nodes:/home/madiyar/turtlebot3_ws/install/turtlebot3_example:/opt/ros/humble LD_LIBRARY_PATH=/home/madiyar/turtlebot3_ws/install/turtlebot3_msgs/lib:/home/madiyar/turtlebot3_ws/install/dynamixel_sdk/lib:/home/madiyar/turtlebot3_ws/install/dynamixel_sdk_custom_interfaces/lib:/usr/lib/x86_64-linux-gnu/gazebo-11/plugins:/opt/ros/humble/opt/rviz_ogre_vendor/lib:/opt/ros/humble/lib/x86_64-linux-gnu:/opt/ros/humble/lib:/usr/lib/x86_64-linux-gnu/gazebo-11/plugins /usr/bin/cmake --install /home/madiyar/turtlebot3_ws/build/turtlebot3_node
