running egg_info
creating ../../build/turtlebot3_nodes/turtlebot3_nodes.egg-info
writing ../../build/turtlebot3_nodes/turtlebot3_nodes.egg-info/PKG-INFO
writing dependency_links to ../../build/turtlebot3_nodes/turtlebot3_nodes.egg-info/dependency_links.txt
writing entry points to ../../build/turtlebot3_nodes/turtlebot3_nodes.egg-info/entry_points.txt
writing requirements to ../../build/turtlebot3_nodes/turtlebot3_nodes.egg-info/requires.txt
writing top-level names to ../../build/turtlebot3_nodes/turtlebot3_nodes.egg-info/top_level.txt
writing manifest file '../../build/turtlebot3_nodes/turtlebot3_nodes.egg-info/SOURCES.txt'
reading manifest file '../../build/turtlebot3_nodes/turtlebot3_nodes.egg-info/SOURCES.txt'
writing manifest file '../../build/turtlebot3_nodes/turtlebot3_nodes.egg-info/SOURCES.txt'
running build
running build_py
creating /home/madiyar/turtlebot3_ws/build/turtlebot3_nodes/build
creating /home/madiyar/turtlebot3_ws/build/turtlebot3_nodes/build/lib
creating /home/madiyar/turtlebot3_ws/build/turtlebot3_nodes/build/lib/turtlebot3_nodes
copying turtlebot3_nodes/turtlebot3_gesture_publisher.py -> /home/madiyar/turtlebot3_ws/build/turtlebot3_nodes/build/lib/turtlebot3_nodes
copying turtlebot3_nodes/__init__.py -> /home/madiyar/turtlebot3_ws/build/turtlebot3_nodes/build/lib/turtlebot3_nodes
copying turtlebot3_nodes/turtlebot3_cmd_vel.py -> /home/madiyar/turtlebot3_ws/build/turtlebot3_nodes/build/lib/turtlebot3_nodes
running install
running install_lib
creating /home/madiyar/turtlebot3_ws/install/turtlebot3_nodes/lib/python3.10/site-packages/turtlebot3_nodes
copying /home/madiyar/turtlebot3_ws/build/turtlebot3_nodes/build/lib/turtlebot3_nodes/turtlebot3_gesture_publisher.py -> /home/madiyar/turtlebot3_ws/install/turtlebot3_nodes/lib/python3.10/site-packages/turtlebot3_nodes
copying /home/madiyar/turtlebot3_ws/build/turtlebot3_nodes/build/lib/turtlebot3_nodes/__init__.py -> /home/madiyar/turtlebot3_ws/install/turtlebot3_nodes/lib/python3.10/site-packages/turtlebot3_nodes
copying /home/madiyar/turtlebot3_ws/build/turtlebot3_nodes/build/lib/turtlebot3_nodes/turtlebot3_cmd_vel.py -> /home/madiyar/turtlebot3_ws/install/turtlebot3_nodes/lib/python3.10/site-packages/turtlebot3_nodes
byte-compiling /home/madiyar/turtlebot3_ws/install/turtlebot3_nodes/lib/python3.10/site-packages/turtlebot3_nodes/turtlebot3_gesture_publisher.py to turtlebot3_gesture_publisher.cpython-310.pyc
byte-compiling /home/madiyar/turtlebot3_ws/install/turtlebot3_nodes/lib/python3.10/site-packages/turtlebot3_nodes/__init__.py to __init__.cpython-310.pyc
byte-compiling /home/madiyar/turtlebot3_ws/install/turtlebot3_nodes/lib/python3.10/site-packages/turtlebot3_nodes/turtlebot3_cmd_vel.py to turtlebot3_cmd_vel.cpython-310.pyc
running install_data
creating /home/madiyar/turtlebot3_ws/install/turtlebot3_nodes/share/ament_index
creating /home/madiyar/turtlebot3_ws/install/turtlebot3_nodes/share/ament_index/resource_index
creating /home/madiyar/turtlebot3_ws/install/turtlebot3_nodes/share/ament_index/resource_index/packages
copying resource/turtlebot3_nodes -> /home/madiyar/turtlebot3_ws/install/turtlebot3_nodes/share/ament_index/resource_index/packages
copying package.xml -> /home/madiyar/turtlebot3_ws/install/turtlebot3_nodes/share/turtlebot3_nodes
creating /home/madiyar/turtlebot3_ws/install/turtlebot3_nodes/share/turtlebot3_nodes/model
creating /home/madiyar/turtlebot3_ws/install/turtlebot3_nodes/share/turtlebot3_nodes/model/keypoint_classifier
copying model/keypoint_classifier/keypoint_classifier_label.csv -> /home/madiyar/turtlebot3_ws/install/turtlebot3_nodes/share/turtlebot3_nodes/model/keypoint_classifier
copying model/keypoint_classifier/keypoint_classifier.tflite -> /home/madiyar/turtlebot3_ws/install/turtlebot3_nodes/share/turtlebot3_nodes/model/keypoint_classifier
creating /home/madiyar/turtlebot3_ws/install/turtlebot3_nodes/share/turtlebot3_nodes/launch
running install_egg_info
Copying ../../build/turtlebot3_nodes/turtlebot3_nodes.egg-info to /home/madiyar/turtlebot3_ws/install/turtlebot3_nodes/lib/python3.10/site-packages/turtlebot3_nodes-0.0.0-py3.10.egg-info
running install_scripts
Installing turtlebot3_cmd_vel script to /home/madiyar/turtlebot3_ws/install/turtlebot3_nodes/lib/turtlebot3_nodes
Installing turtlebot3_gesture_publisher script to /home/madiyar/turtlebot3_ws/install/turtlebot3_nodes/lib/turtlebot3_nodes
writing list of installed files to '/home/madiyar/turtlebot3_ws/build/turtlebot3_nodes/install.log'
