[0.021s] Invoking command in '/home/madiyar/turtlebot3_ws/build/turtlebot3_node': CMAKE_PREFIX_PATH=/home/madiyar/turtlebot3_ws/install/turtlebot3_msgs:/home/madiyar/turtlebot3_ws/install/dynamixel_sdk:/home/madiyar/turtlebot3_ws/install/turtlebot3:/home/madiyar/turtlebot3_ws/install/turtlebot3_simulations:/home/madiyar/turtlebot3_ws/install/turtlebot3_bringup:/home/madiyar/turtlebot3_ws/install/turtlebot3_node:/home/madiyar/turtlebot3_ws/install/turtlebot3_navigation2:/home/madiyar/turtlebot3_ws/install/turtlebot3_fake_node:/home/madiyar/turtlebot3_ws/install/turtlebot3_gazebo:/home/madiyar/turtlebot3_ws/install/turtlebot3_description:/home/madiyar/turtlebot3_ws/install/turtlebot3_cartographer:/home/madiyar/turtlebot3_ws/install/dynamixel_sdk_examples:/home/madiyar/turtlebot3_ws/install/dynamixel_sdk_custom_interfaces:/home/madiyar/turtlebot3_ws/install/turtlebot3_teleop:/home/madiyar/turtlebot3_ws/install/turtlebot3_example:/opt/ros/humble LD_LIBRARY_PATH=/home/madiyar/turtlebot3_ws/install/turtlebot3_msgs/lib:/home/madiyar/turtlebot3_ws/install/dynamixel_sdk/lib:/home/madiyar/turtlebot3_ws/install/dynamixel_sdk_custom_interfaces/lib:/usr/lib/x86_64-linux-gnu/gazebo-11/plugins:/opt/ros/humble/opt/rviz_ogre_vendor/lib:/opt/ros/humble/lib/x86_64-linux-gnu:/opt/ros/humble/lib:/usr/lib/x86_64-linux-gnu/gazebo-11/plugins /usr/bin/cmake /home/madiyar/turtlebot3_ws/src/turtlebot3/turtlebot3_node -DAMENT_CMAKE_SYMLINK_INSTALL=1 -DCMAKE_INSTALL_PREFIX=/home/madiyar/turtlebot3_ws/install/turtlebot3_node
[0.111s] -- The C compiler identification is GNU 11.4.0
[0.200s] -- The CXX compiler identification is GNU 11.4.0
[0.212s] -- Detecting C compiler ABI info
[0.320s] -- Detecting C compiler ABI info - done
[0.330s] -- Check for working C compiler: /usr/bin/cc - skipped
[0.330s] -- Detecting C compile features
[0.331s] -- Detecting C compile features - done
[0.335s] -- Detecting CXX compiler ABI info
[0.459s] -- Detecting CXX compiler ABI info - done
[0.469s] -- Check for working CXX compiler: /usr/bin/c++ - skipped
[0.469s] -- Detecting CXX compile features
[0.470s] -- Detecting CXX compile features - done
[0.474s] -- Found ament_cmake: 1.3.11 (/opt/ros/humble/share/ament_cmake/cmake)
[0.684s] -- Found Python3: /usr/bin/python3 (found version "3.10.12") found components: Interpreter 
[0.769s] -- Override CMake install command with custom implementation using symlinks instead of copying resources
[0.817s] -- Found dynamixel_sdk: 3.8.3 (/home/madiyar/turtlebot3_ws/install/dynamixel_sdk/share/dynamixel_sdk/cmake)
[0.821s] -- Found geometry_msgs: 4.8.0 (/opt/ros/humble/share/geometry_msgs/cmake)
[0.879s] -- Found rosidl_generator_c: 3.1.6 (/opt/ros/humble/share/rosidl_generator_c/cmake)
[0.888s] -- Found rosidl_adapter: 3.1.6 (/opt/ros/humble/share/rosidl_adapter/cmake)
[0.900s] -- Found rosidl_generator_cpp: 3.1.6 (/opt/ros/humble/share/rosidl_generator_cpp/cmake)
[0.918s] -- Using all available rosidl_typesupport_c: rosidl_typesupport_fastrtps_c;rosidl_typesupport_introspection_c
[0.943s] -- Using all available rosidl_typesupport_cpp: rosidl_typesupport_fastrtps_cpp;rosidl_typesupport_introspection_cpp
[1.003s] -- Found message_filters: 4.3.6 (/opt/ros/humble/share/message_filters/cmake)
[1.075s] -- Found rmw_implementation_cmake: 6.1.2 (/opt/ros/humble/share/rmw_implementation_cmake/cmake)
[1.082s] -- Found rmw_fastrtps_cpp: 6.2.7 (/opt/ros/humble/share/rmw_fastrtps_cpp/cmake)
[1.266s] -- Found OpenSSL: /usr/lib/x86_64-linux-gnu/libcrypto.so (found version "3.0.2")  
[1.314s] -- Found FastRTPS: /opt/ros/humble/include  
[1.382s] -- Using RMW implementation 'rmw_fastrtps_cpp' as default
[1.401s] -- Looking for pthread.h
[1.515s] -- Looking for pthread.h - found
[1.515s] -- Performing Test CMAKE_HAVE_LIBC_PTHREAD
[1.633s] -- Performing Test CMAKE_HAVE_LIBC_PTHREAD - Success
[1.635s] -- Found Threads: TRUE  
[1.704s] -- Found nav_msgs: 4.8.0 (/opt/ros/humble/share/nav_msgs/cmake)
[1.730s] -- Found sensor_msgs: 4.8.0 (/opt/ros/humble/share/sensor_msgs/cmake)
[1.759s] -- Found std_srvs: 4.8.0 (/opt/ros/humble/share/std_srvs/cmake)
[1.779s] -- Found tf2: 0.25.12 (/opt/ros/humble/share/tf2/cmake)
[1.797s] -- Found tf2_ros: 0.25.12 (/opt/ros/humble/share/tf2_ros/cmake)
[1.931s] -- Found turtlebot3_msgs: 2.3.0 (/home/madiyar/turtlebot3_ws/install/turtlebot3_msgs/share/turtlebot3_msgs/cmake)
[2.060s] -- Configuring done
[2.090s] -- Generating done
[2.098s] -- Build files have been written to: /home/madiyar/turtlebot3_ws/build/turtlebot3_node
[2.113s] Invoked command in '/home/madiyar/turtlebot3_ws/build/turtlebot3_node' returned '0': CMAKE_PREFIX_PATH=/home/madiyar/turtlebot3_ws/install/turtlebot3_msgs:/home/madiyar/turtlebot3_ws/install/dynamixel_sdk:/home/madiyar/turtlebot3_ws/install/turtlebot3:/home/madiyar/turtlebot3_ws/install/turtlebot3_simulations:/home/madiyar/turtlebot3_ws/install/turtlebot3_bringup:/home/madiyar/turtlebot3_ws/install/turtlebot3_node:/home/madiyar/turtlebot3_ws/install/turtlebot3_navigation2:/home/madiyar/turtlebot3_ws/install/turtlebot3_fake_node:/home/madiyar/turtlebot3_ws/install/turtlebot3_gazebo:/home/madiyar/turtlebot3_ws/install/turtlebot3_description:/home/madiyar/turtlebot3_ws/install/turtlebot3_cartographer:/home/madiyar/turtlebot3_ws/install/dynamixel_sdk_examples:/home/madiyar/turtlebot3_ws/install/dynamixel_sdk_custom_interfaces:/home/madiyar/turtlebot3_ws/install/turtlebot3_teleop:/home/madiyar/turtlebot3_ws/install/turtlebot3_example:/opt/ros/humble LD_LIBRARY_PATH=/home/madiyar/turtlebot3_ws/install/turtlebot3_msgs/lib:/home/madiyar/turtlebot3_ws/install/dynamixel_sdk/lib:/home/madiyar/turtlebot3_ws/install/dynamixel_sdk_custom_interfaces/lib:/usr/lib/x86_64-linux-gnu/gazebo-11/plugins:/opt/ros/humble/opt/rviz_ogre_vendor/lib:/opt/ros/humble/lib/x86_64-linux-gnu:/opt/ros/humble/lib:/usr/lib/x86_64-linux-gnu/gazebo-11/plugins /usr/bin/cmake /home/madiyar/turtlebot3_ws/src/turtlebot3/turtlebot3_node -DAMENT_CMAKE_SYMLINK_INSTALL=1 -DCMAKE_INSTALL_PREFIX=/home/madiyar/turtlebot3_ws/install/turtlebot3_node
[2.116s] Invoking command in '/home/madiyar/turtlebot3_ws/build/turtlebot3_node': CMAKE_PREFIX_PATH=/home/madiyar/turtlebot3_ws/install/turtlebot3_msgs:/home/madiyar/turtlebot3_ws/install/dynamixel_sdk:/home/madiyar/turtlebot3_ws/install/turtlebot3:/home/madiyar/turtlebot3_ws/install/turtlebot3_simulations:/home/madiyar/turtlebot3_ws/install/turtlebot3_bringup:/home/madiyar/turtlebot3_ws/install/turtlebot3_node:/home/madiyar/turtlebot3_ws/install/turtlebot3_navigation2:/home/madiyar/turtlebot3_ws/install/turtlebot3_fake_node:/home/madiyar/turtlebot3_ws/install/turtlebot3_gazebo:/home/madiyar/turtlebot3_ws/install/turtlebot3_description:/home/madiyar/turtlebot3_ws/install/turtlebot3_cartographer:/home/madiyar/turtlebot3_ws/install/dynamixel_sdk_examples:/home/madiyar/turtlebot3_ws/install/dynamixel_sdk_custom_interfaces:/home/madiyar/turtlebot3_ws/install/turtlebot3_teleop:/home/madiyar/turtlebot3_ws/install/turtlebot3_example:/opt/ros/humble LD_LIBRARY_PATH=/home/madiyar/turtlebot3_ws/install/turtlebot3_msgs/lib:/home/madiyar/turtlebot3_ws/install/dynamixel_sdk/lib:/home/madiyar/turtlebot3_ws/install/dynamixel_sdk_custom_interfaces/lib:/usr/lib/x86_64-linux-gnu/gazebo-11/plugins:/opt/ros/humble/opt/rviz_ogre_vendor/lib:/opt/ros/humble/lib/x86_64-linux-gnu:/opt/ros/humble/lib:/usr/lib/x86_64-linux-gnu/gazebo-11/plugins /usr/bin/cmake --build /home/madiyar/turtlebot3_ws/build/turtlebot3_node -- -j12 -l12
[2.204s] [  7%] [32mBuilding CXX object CMakeFiles/turtlebot3_node_lib.dir/src/devices/reset.cpp.o[0m
[2.204s] [ 14%] [32mBuilding CXX object CMakeFiles/turtlebot3_node_lib.dir/src/devices/sound.cpp.o[0m
[2.204s] [ 21%] [32mBuilding CXX object CMakeFiles/turtlebot3_node_lib.dir/src/devices/motor_power.cpp.o[0m
[2.204s] [ 42%] [32mBuilding CXX object CMakeFiles/turtlebot3_node_lib.dir/src/diff_drive_controller.cpp.o[0m
[2.205s] [ 42%] [32mBuilding CXX object CMakeFiles/turtlebot3_node_lib.dir/src/dynamixel_sdk_wrapper.cpp.o[0m
[2.205s] [ 42%] [32mBuilding CXX object CMakeFiles/turtlebot3_node_lib.dir/src/odometry.cpp.o[0m
[2.205s] [ 57%] [32mBuilding CXX object CMakeFiles/turtlebot3_node_lib.dir/src/sensors/imu.cpp.o[0m
[2.205s] [ 64%] [32mBuilding CXX object CMakeFiles/turtlebot3_node_lib.dir/src/sensors/battery_state.cpp.o[0m
[2.205s] [ 64%] [32mBuilding CXX object CMakeFiles/turtlebot3_node_lib.dir/src/turtlebot3.cpp.o[0m
[2.205s] [ 71%] [32mBuilding CXX object CMakeFiles/turtlebot3_node_lib.dir/src/sensors/joint_state.cpp.o[0m
[2.205s] [ 78%] [32mBuilding CXX object CMakeFiles/turtlebot3_node_lib.dir/src/sensors/sensor_state.cpp.o[0m
[19.064s] [ 85%] [32m[1mLinking CXX static library libturtlebot3_node_lib.a[0m
[19.893s] [ 85%] Built target turtlebot3_node_lib
[19.921s] [ 92%] [32mBuilding CXX object CMakeFiles/turtlebot3_ros.dir/src/node_main.cpp.o[0m
[23.454s] [100%] [32m[1mLinking CXX executable turtlebot3_ros[0m
[25.809s] [100%] Built target turtlebot3_ros
[25.826s] Invoked command in '/home/madiyar/turtlebot3_ws/build/turtlebot3_node' returned '0': CMAKE_PREFIX_PATH=/home/madiyar/turtlebot3_ws/install/turtlebot3_msgs:/home/madiyar/turtlebot3_ws/install/dynamixel_sdk:/home/madiyar/turtlebot3_ws/install/turtlebot3:/home/madiyar/turtlebot3_ws/install/turtlebot3_simulations:/home/madiyar/turtlebot3_ws/install/turtlebot3_bringup:/home/madiyar/turtlebot3_ws/install/turtlebot3_node:/home/madiyar/turtlebot3_ws/install/turtlebot3_navigation2:/home/madiyar/turtlebot3_ws/install/turtlebot3_fake_node:/home/madiyar/turtlebot3_ws/install/turtlebot3_gazebo:/home/madiyar/turtlebot3_ws/install/turtlebot3_description:/home/madiyar/turtlebot3_ws/install/turtlebot3_cartographer:/home/madiyar/turtlebot3_ws/install/dynamixel_sdk_examples:/home/madiyar/turtlebot3_ws/install/dynamixel_sdk_custom_interfaces:/home/madiyar/turtlebot3_ws/install/turtlebot3_teleop:/home/madiyar/turtlebot3_ws/install/turtlebot3_example:/opt/ros/humble LD_LIBRARY_PATH=/home/madiyar/turtlebot3_ws/install/turtlebot3_msgs/lib:/home/madiyar/turtlebot3_ws/install/dynamixel_sdk/lib:/home/madiyar/turtlebot3_ws/install/dynamixel_sdk_custom_interfaces/lib:/usr/lib/x86_64-linux-gnu/gazebo-11/plugins:/opt/ros/humble/opt/rviz_ogre_vendor/lib:/opt/ros/humble/lib/x86_64-linux-gnu:/opt/ros/humble/lib:/usr/lib/x86_64-linux-gnu/gazebo-11/plugins /usr/bin/cmake --build /home/madiyar/turtlebot3_ws/build/turtlebot3_node -- -j12 -l12
[25.828s] Invoking command in '/home/madiyar/turtlebot3_ws/build/turtlebot3_node': CMAKE_PREFIX_PATH=/home/madiyar/turtlebot3_ws/install/turtlebot3_msgs:/home/madiyar/turtlebot3_ws/install/dynamixel_sdk:/home/madiyar/turtlebot3_ws/install/turtlebot3:/home/madiyar/turtlebot3_ws/install/turtlebot3_simulations:/home/madiyar/turtlebot3_ws/install/turtlebot3_bringup:/home/madiyar/turtlebot3_ws/install/turtlebot3_node:/home/madiyar/turtlebot3_ws/install/turtlebot3_navigation2:/home/madiyar/turtlebot3_ws/install/turtlebot3_fake_node:/home/madiyar/turtlebot3_ws/install/turtlebot3_gazebo:/home/madiyar/turtlebot3_ws/install/turtlebot3_description:/home/madiyar/turtlebot3_ws/install/turtlebot3_cartographer:/home/madiyar/turtlebot3_ws/install/dynamixel_sdk_examples:/home/madiyar/turtlebot3_ws/install/dynamixel_sdk_custom_interfaces:/home/madiyar/turtlebot3_ws/install/turtlebot3_teleop:/home/madiyar/turtlebot3_ws/install/turtlebot3_example:/opt/ros/humble LD_LIBRARY_PATH=/home/madiyar/turtlebot3_ws/install/turtlebot3_msgs/lib:/home/madiyar/turtlebot3_ws/install/dynamixel_sdk/lib:/home/madiyar/turtlebot3_ws/install/dynamixel_sdk_custom_interfaces/lib:/usr/lib/x86_64-linux-gnu/gazebo-11/plugins:/opt/ros/humble/opt/rviz_ogre_vendor/lib:/opt/ros/humble/lib/x86_64-linux-gnu:/opt/ros/humble/lib:/usr/lib/x86_64-linux-gnu/gazebo-11/plugins /usr/bin/cmake --install /home/madiyar/turtlebot3_ws/build/turtlebot3_node
[25.835s] -- Install configuration: ""
[25.836s] -- Execute custom install script
[25.838s] -- Symlinking: /home/madiyar/turtlebot3_ws/install/turtlebot3_node/share/turtlebot3_node/param/burger.yaml
[25.849s] -- Symlinking: /home/madiyar/turtlebot3_ws/install/turtlebot3_node/share/turtlebot3_node/param/waffle.yaml
[25.860s] -- Symlinking: /home/madiyar/turtlebot3_ws/install/turtlebot3_node/share/turtlebot3_node/param/waffle_pi.yaml
[25.872s] -- Symlinking: /home/madiyar/turtlebot3_ws/install/turtlebot3_node/lib/turtlebot3_node/turtlebot3_ros
[25.883s] -- Symlinking: /home/madiyar/turtlebot3_ws/install/turtlebot3_node/share/ament_index/resource_index/package_run_dependencies/turtlebot3_node
[25.893s] -- Symlinking: /home/madiyar/turtlebot3_ws/install/turtlebot3_node/share/ament_index/resource_index/parent_prefix_path/turtlebot3_node
[25.914s] -- Symlinking: /home/madiyar/turtlebot3_ws/install/turtlebot3_node/share/turtlebot3_node/environment/ament_prefix_path.sh
[25.925s] -- Symlinking: /home/madiyar/turtlebot3_ws/install/turtlebot3_node/share/turtlebot3_node/environment/ament_prefix_path.dsv
[25.936s] -- Symlinking: /home/madiyar/turtlebot3_ws/install/turtlebot3_node/share/turtlebot3_node/environment/path.sh
[25.946s] -- Symlinking: /home/madiyar/turtlebot3_ws/install/turtlebot3_node/share/turtlebot3_node/environment/path.dsv
[25.957s] -- Symlinking: /home/madiyar/turtlebot3_ws/install/turtlebot3_node/share/turtlebot3_node/local_setup.bash
[25.968s] -- Symlinking: /home/madiyar/turtlebot3_ws/install/turtlebot3_node/share/turtlebot3_node/local_setup.sh
[25.978s] -- Symlinking: /home/madiyar/turtlebot3_ws/install/turtlebot3_node/share/turtlebot3_node/local_setup.zsh
[25.989s] -- Symlinking: /home/madiyar/turtlebot3_ws/install/turtlebot3_node/share/turtlebot3_node/local_setup.dsv
[26.000s] -- Symlinking: /home/madiyar/turtlebot3_ws/install/turtlebot3_node/share/turtlebot3_node/package.dsv
[26.011s] -- Symlinking: /home/madiyar/turtlebot3_ws/install/turtlebot3_node/share/ament_index/resource_index/packages/turtlebot3_node
[26.022s] -- Symlinking: /home/madiyar/turtlebot3_ws/install/turtlebot3_node/share/turtlebot3_node/cmake/ament_cmake_export_include_directories-extras.cmake
[26.033s] -- Symlinking: /home/madiyar/turtlebot3_ws/install/turtlebot3_node/share/turtlebot3_node/cmake/turtlebot3_nodeConfig.cmake
[26.044s] -- Symlinking: /home/madiyar/turtlebot3_ws/install/turtlebot3_node/share/turtlebot3_node/cmake/turtlebot3_nodeConfig-version.cmake
[26.055s] -- Symlinking: /home/madiyar/turtlebot3_ws/install/turtlebot3_node/share/turtlebot3_node/package.xml
[26.069s] Invoked command in '/home/madiyar/turtlebot3_ws/build/turtlebot3_node' returned '0': CMAKE_PREFIX_PATH=/home/madiyar/turtlebot3_ws/install/turtlebot3_msgs:/home/madiyar/turtlebot3_ws/install/dynamixel_sdk:/home/madiyar/turtlebot3_ws/install/turtlebot3:/home/madiyar/turtlebot3_ws/install/turtlebot3_simulations:/home/madiyar/turtlebot3_ws/install/turtlebot3_bringup:/home/madiyar/turtlebot3_ws/install/turtlebot3_node:/home/madiyar/turtlebot3_ws/install/turtlebot3_navigation2:/home/madiyar/turtlebot3_ws/install/turtlebot3_fake_node:/home/madiyar/turtlebot3_ws/install/turtlebot3_gazebo:/home/madiyar/turtlebot3_ws/install/turtlebot3_description:/home/madiyar/turtlebot3_ws/install/turtlebot3_cartographer:/home/madiyar/turtlebot3_ws/install/dynamixel_sdk_examples:/home/madiyar/turtlebot3_ws/install/dynamixel_sdk_custom_interfaces:/home/madiyar/turtlebot3_ws/install/turtlebot3_teleop:/home/madiyar/turtlebot3_ws/install/turtlebot3_example:/opt/ros/humble LD_LIBRARY_PATH=/home/madiyar/turtlebot3_ws/install/turtlebot3_msgs/lib:/home/madiyar/turtlebot3_ws/install/dynamixel_sdk/lib:/home/madiyar/turtlebot3_ws/install/dynamixel_sdk_custom_interfaces/lib:/usr/lib/x86_64-linux-gnu/gazebo-11/plugins:/opt/ros/humble/opt/rviz_ogre_vendor/lib:/opt/ros/humble/lib/x86_64-linux-gnu:/opt/ros/humble/lib:/usr/lib/x86_64-linux-gnu/gazebo-11/plugins /usr/bin/cmake --install /home/madiyar/turtlebot3_ws/build/turtlebot3_node
